[1/929] Generating ../../DerivedSources/ForwardingHeaders/bmalloc/IsoTLSEntryInlines.h
[2/929] Generating ../../DerivedSources/ForwardingHeaders/bmalloc/IsoTLSInlines.h
[3/929] Building CXX object Source/bmalloc/CMakeFiles/bmalloc.dir/bmalloc/FreeList.cpp.o
[4/929] Building CXX object Source/bmalloc/CMakeFiles/bmalloc.dir/bmalloc/HeapKind.cpp.o
[5/929] Building CXX object Source/bmalloc/CMakeFiles/bmalloc.dir/bmalloc/Environment.cpp.o
[6/929] Building CXX object Source/bmalloc/CMakeFiles/bmalloc.dir/bmalloc/CryptoRandom.cpp.o
[7/929] Building CXX object Source/bmalloc/CMakeFiles/bmalloc.dir/bmalloc/IsoSharedHeap.cpp.o
[8/929] Building CXX object Source/bmalloc/CMakeFiles/bmalloc.dir/bmalloc/Logging.cpp.o
[9/929] Building CXX object Source/bmalloc/CMakeFiles/bmalloc.dir/bmalloc/IsoSharedPage.cpp.o
[10/929] Building CXX object Source/bmalloc/CMakeFiles/bmalloc.dir/bmalloc/IsoPage.cpp.o
[11/929] Building CXX object Source/bmalloc/CMakeFiles/bmalloc.dir/bmalloc/IsoTLSEntry.cpp.o
[12/929] Building CXX object Source/bmalloc/CMakeFiles/bmalloc.dir/bmalloc/AvailableMemory.cpp.o
[13/929] Building CXX object Source/bmalloc/CMakeFiles/bmalloc.dir/bmalloc/HeapConstants.cpp.o
[14/929] Generating ../../DerivedSources/ForwardingHeaders/bmalloc/Algorithm.h
[15/929] Generating ../../DerivedSources/ForwardingHeaders/bmalloc/AllIsoHeaps.h
[16/929] Generating ../../DerivedSources/ForwardingHeaders/bmalloc/AllIsoHeapsInlines.h
[17/929] Generating ../../DerivedSources/ForwardingHeaders/bmalloc/Allocator.h
[18/929] Building CXX object Source/bmalloc/CMakeFiles/bmalloc.dir/bmalloc/Deallocator.cpp.o
[19/929] Generating ../../DerivedSources/ForwardingHeaders/bmalloc/AvailableMemory.h
[20/929] Generating ../../DerivedSources/ForwardingHeaders/bmalloc/BAssert.h
[21/929] Building CXX object Source/bmalloc/CMakeFiles/bmalloc.dir/bmalloc/IsoHeapImpl.cpp.o
[22/929] Generating ../../DerivedSources/ForwardingHeaders/bmalloc/BCompiler.h
[23/929] Generating ../../DerivedSources/ForwardingHeaders/bmalloc/BExport.h
[24/929] Generating ../../DerivedSources/ForwardingHeaders/bmalloc/BInline.h
[25/929] Generating ../../DerivedSources/ForwardingHeaders/bmalloc/BMalloced.h
[26/929] Building CXX object Source/bmalloc/CMakeFiles/bmalloc.dir/bmalloc/AllIsoHeaps.cpp.o
[27/929] Generating ../../DerivedSources/ForwardingHeaders/bmalloc/BPlatform.h
[28/929] Generating ../../DerivedSources/ForwardingHeaders/bmalloc/BVMTags.h
[29/929] Generating ../../DerivedSources/ForwardingHeaders/bmalloc/Bits.h
[30/929] Generating ../../DerivedSources/ForwardingHeaders/bmalloc/BulkDecommit.h
[31/929] Generating ../../DerivedSources/ForwardingHeaders/bmalloc/BumpAllocator.h
[32/929] Generating ../../DerivedSources/ForwardingHeaders/bmalloc/BumpRange.h
[33/929] Generating ../../DerivedSources/ForwardingHeaders/bmalloc/Cache.h
[34/929] Generating ../../DerivedSources/ForwardingHeaders/bmalloc/Chunk.h
[35/929] Generating ../../DerivedSources/ForwardingHeaders/bmalloc/CryptoRandom.h
[36/929] Building CXX object Source/bmalloc/CMakeFiles/bmalloc.dir/bmalloc/IsoTLS.cpp.o
[37/929] Generating ../../DerivedSources/ForwardingHeaders/bmalloc/Deallocator.h
[38/929] Generating ../../DerivedSources/ForwardingHeaders/bmalloc/DebugHeap.h
[39/929] Generating ../../DerivedSources/ForwardingHeaders/bmalloc/DeferredDecommit.h
[40/929] Building CXX object Source/bmalloc/CMakeFiles/bmalloc.dir/bmalloc/LargeMap.cpp.o
[41/929] Generating ../../DerivedSources/ForwardingHeaders/bmalloc/DeferredDecommitInlines.h
[42/929] Generating ../../DerivedSources/ForwardingHeaders/bmalloc/DeferredTrigger.h
[43/929] Generating ../../DerivedSources/ForwardingHeaders/bmalloc/DeferredTriggerInlines.h
[44/929] Building CXX object Source/bmalloc/CMakeFiles/bmalloc.dir/bmalloc/Allocator.cpp.o
[45/929] Building CXX object Source/bmalloc/CMakeFiles/bmalloc.dir/bmalloc/DebugHeap.cpp.o
[46/929] Generating ../../DerivedSources/ForwardingHeaders/bmalloc/EligibilityResult.h
[47/929] Generating ../../DerivedSources/ForwardingHeaders/bmalloc/EligibilityResultInlines.h
[48/929] Generating ../../DerivedSources/ForwardingHeaders/bmalloc/Environment.h
[49/929] Generating ../../DerivedSources/ForwardingHeaders/bmalloc/FailureAction.h
[50/929] Building CXX object Source/bmalloc/CMakeFiles/bmalloc.dir/bmalloc/Cache.cpp.o
[51/929] Building CXX object Source/bmalloc/CMakeFiles/bmalloc.dir/bmalloc/Gigacage.cpp.o
[52/929] Generating ../../DerivedSources/ForwardingHeaders/bmalloc/FixedVector.h
[53/929] Generating ../../DerivedSources/ForwardingHeaders/bmalloc/FreeList.h
[54/929] Generating ../../DerivedSources/ForwardingHeaders/bmalloc/FreeListInlines.h
[55/929] Generating ../../DerivedSources/ForwardingHeaders/bmalloc/Gigacage.h
[56/929] Generating ../../DerivedSources/ForwardingHeaders/bmalloc/GigacageConfig.h
[57/929] Generating ../../DerivedSources/ForwardingHeaders/bmalloc/GigacageKind.h
[58/929] Generating ../../DerivedSources/ForwardingHeaders/bmalloc/Heap.h
[59/929] Generating ../../DerivedSources/ForwardingHeaders/bmalloc/HeapConstants.h
[60/929] Generating ../../DerivedSources/ForwardingHeaders/bmalloc/HeapKind.h
[61/929] Generating ../../DerivedSources/ForwardingHeaders/bmalloc/IsoAllocator.h
[62/929] Generating ../../DerivedSources/ForwardingHeaders/bmalloc/IsoAllocatorInlines.h
[63/929] Generating ../../DerivedSources/ForwardingHeaders/bmalloc/IsoConfig.h
[64/929] Generating ../../DerivedSources/ForwardingHeaders/bmalloc/IsoDeallocator.h
[65/929] Generating ../../DerivedSources/ForwardingHeaders/bmalloc/IsoDeallocatorInlines.h
[66/929] Generating ../../DerivedSources/ForwardingHeaders/bmalloc/IsoDirectory.h
[67/929] Generating ../../DerivedSources/ForwardingHeaders/bmalloc/IsoDirectoryInlines.h
[68/929] Generating ../../DerivedSources/ForwardingHeaders/bmalloc/IsoDirectoryPage.h
[69/929] Generating ../../DerivedSources/ForwardingHeaders/bmalloc/IsoDirectoryPageInlines.h
[70/929] Generating ../../DerivedSources/ForwardingHeaders/bmalloc/IsoHeap.h
[71/929] Generating ../../DerivedSources/ForwardingHeaders/bmalloc/IsoHeapImpl.h
[72/929] Generating ../../DerivedSources/ForwardingHeaders/bmalloc/IsoHeapImplInlines.h
[73/929] Generating ../../DerivedSources/ForwardingHeaders/bmalloc/IsoHeapInlines.h
[74/929] Generating ../../DerivedSources/ForwardingHeaders/bmalloc/IsoPage.h
[75/929] Generating ../../DerivedSources/ForwardingHeaders/bmalloc/IsoPageInlines.h
[76/929] Generating ../../DerivedSources/ForwardingHeaders/bmalloc/IsoPageTrigger.h
[77/929] Generating ../../DerivedSources/ForwardingHeaders/bmalloc/IsoSharedConfig.h
[78/929] Generating ../../DerivedSources/ForwardingHeaders/bmalloc/IsoSharedHeap.h
[79/929] Generating ../../DerivedSources/ForwardingHeaders/bmalloc/IsoSharedHeapInlines.h
[80/929] Generating ../../DerivedSources/ForwardingHeaders/bmalloc/IsoSharedPage.h
[81/929] Generating ../../DerivedSources/ForwardingHeaders/bmalloc/IsoSharedPageInlines.h
[82/929] Building CXX object Source/bmalloc/CMakeFiles/bmalloc.dir/bmalloc/Mutex.cpp.o
[83/929] Generating ../../DerivedSources/ForwardingHeaders/bmalloc/IsoTLS.h
[84/929] Generating ../../DerivedSources/ForwardingHeaders/bmalloc/IsoTLSAllocatorEntry.h
[85/929] Generating ../../DerivedSources/ForwardingHeaders/bmalloc/IsoTLSAllocatorEntryInlines.h
[86/929] Generating ../../DerivedSources/ForwardingHeaders/bmalloc/IsoTLSDeallocatorEntry.h
[87/929] Generating ../../DerivedSources/ForwardingHeaders/bmalloc/IsoTLSDeallocatorEntryInlines.h
[88/929] Generating ../../DerivedSources/ForwardingHeaders/bmalloc/IsoTLSEntry.h
[89/929] Generating ../../../DerivedSources/ForwardingHeaders/wtf/AggregateLogger.h
[90/929] Generating ../../DerivedSources/ForwardingHeaders/bmalloc/IsoTLSLayout.h
[91/929] Building CXX object Source/bmalloc/CMakeFiles/bmalloc.dir/bmalloc/ObjectTypeTable.cpp.o
[92/929] Generating ../../DerivedSources/ForwardingHeaders/bmalloc/LargeMap.h
[93/929] Generating ../../DerivedSources/ForwardingHeaders/bmalloc/LargeRange.h
[94/929] Generating ../../DerivedSources/ForwardingHeaders/bmalloc/LineMetadata.h
[95/929] Generating ../../DerivedSources/ForwardingHeaders/bmalloc/List.h
[96/929] Generating ../../DerivedSources/ForwardingHeaders/bmalloc/Logging.h
[97/929] Generating ../../DerivedSources/ForwardingHeaders/bmalloc/Map.h
[98/929] Generating ../../DerivedSources/ForwardingHeaders/bmalloc/Mutex.h
[99/929] Generating ../../DerivedSources/ForwardingHeaders/bmalloc/Object.h
[100/929] Generating ../../DerivedSources/ForwardingHeaders/bmalloc/ObjectType.h
[101/929] Building CXX object Source/bmalloc/CMakeFiles/bmalloc.dir/bmalloc/IsoTLSLayout.cpp.o
[102/929] Building CXX object Source/bmalloc/CMakeFiles/bmalloc.dir/bmalloc/PerProcess.cpp.o
[103/929] Generating ../../DerivedSources/ForwardingHeaders/bmalloc/ObjectTypeTable.h
[104/929] Generating ../../DerivedSources/ForwardingHeaders/bmalloc/Packed.h
[105/929] Generating ../../DerivedSources/ForwardingHeaders/bmalloc/PerHeapKind.h
[106/929] Generating ../../DerivedSources/ForwardingHeaders/bmalloc/PerProcess.h
[107/929] Generating ../../DerivedSources/ForwardingHeaders/bmalloc/PerThread.h
[108/929] Generating ../../DerivedSources/ForwardingHeaders/bmalloc/PhysicalPageMap.h
[109/929] Generating ../../DerivedSources/ForwardingHeaders/bmalloc/ProcessCheck.h
[110/929] Generating ../../DerivedSources/ForwardingHeaders/bmalloc/Scavenger.h
[111/929] Generating ../../DerivedSources/ForwardingHeaders/bmalloc/Range.h
[112/929] Generating ../../DerivedSources/ForwardingHeaders/bmalloc/ScopeExit.h
[113/929] Generating ../../DerivedSources/ForwardingHeaders/bmalloc/Sizes.h
[114/929] Generating ../../DerivedSources/ForwardingHeaders/bmalloc/SmallLine.h
[115/929] Generating ../../DerivedSources/ForwardingHeaders/bmalloc/SmallPage.h
[116/929] Generating ../../DerivedSources/ForwardingHeaders/bmalloc/StaticPerProcess.h
[117/929] Generating ../../DerivedSources/ForwardingHeaders/bmalloc/StdLibExtras.h
[118/929] Generating ../../DerivedSources/ForwardingHeaders/bmalloc/Syscall.h
[119/929] Generating ../../DerivedSources/ForwardingHeaders/bmalloc/VMAllocate.h
[120/929] Generating ../../DerivedSources/ForwardingHeaders/bmalloc/Vector.h
[121/929] Generating ../../DerivedSources/ForwardingHeaders/bmalloc/Zone.h
[122/929] Generating ../../DerivedSources/ForwardingHeaders/bmalloc/bmalloc.h
[123/929] Generating ../../../DerivedSources/ForwardingHeaders/wtf/PageAllocation.h
[124/929] Generating ../../../DerivedSources/ForwardingHeaders/wtf/PageBlock.h
[125/929] Generating ../../../DerivedSources/ForwardingHeaders/wtf/RecursableLambda.h
[126/929] Generating ../../../DerivedSources/ForwardingHeaders/wtf/RecursiveLockAdapter.h
[127/929] Generating ../../../DerivedSources/ForwardingHeaders/wtf/RedBlackTree.h
[128/929] Generating ../../../DerivedSources/ForwardingHeaders/wtf/Ref.h
[129/929] Generating ../../../DerivedSources/ForwardingHeaders/wtf/RefCounted.h
[130/929] Generating ../../../DerivedSources/ForwardingHeaders/wtf/RefCountedArray.h
[131/929] Generating ../../../DerivedSources/ForwardingHeaders/wtf/RefCountedLeakCounter.h
[132/929] Generating ../../../DerivedSources/ForwardingHeaders/wtf/RefCounter.h
[133/929] Building CXX object Source/bmalloc/CMakeFiles/bmalloc.dir/bmalloc/Heap.cpp.o
[134/929] Generating ../../../DerivedSources/ForwardingHeaders/wtf/ByteOrder.h
[135/929] Generating ../../../DerivedSources/ForwardingHeaders/wtf/CPUTime.h
[136/929] Generating ../../../DerivedSources/ForwardingHeaders/wtf/CagedPtr.h
[137/929] Building CXX object Source/bmalloc/CMakeFiles/bmalloc.dir/bmalloc/ObjectType.cpp.o
[138/929] Building CXX object Source/bmalloc/CMakeFiles/bmalloc.dir/bmalloc/bmalloc.cpp.o
[139/929] Building CXX object Source/WTF/wtf/CMakeFiles/WTF.dir/CryptographicUtilities.cpp.o
[140/929] Building CXX object Source/WTF/wtf/CMakeFiles/WTF.dir/BitVector.cpp.o
[141/929] Building CXX object Source/WTF/wtf/CMakeFiles/WTF.dir/ASCIICType.cpp.o
[142/929] Building CXX object Source/WTF/wtf/CMakeFiles/WTF.dir/CPUTime.cpp.o
[143/929] Building CXX object Source/WTF/wtf/CMakeFiles/WTF.dir/Bag.cpp.o
[144/929] Building CXX object Source/WTF/wtf/CMakeFiles/WTF.dir/ClockType.cpp.o
[145/929] Building CXX object Source/bmalloc/CMakeFiles/bmalloc.dir/bmalloc/Scavenger.cpp.o
[146/929] Linking CXX static library Source/bmalloc/libbmalloc.a
[147/929] Building CXX object Source/WTF/wtf/CMakeFiles/WTF.dir/ConcurrentBuffer.cpp.o
[148/929] Building CXX object Source/WTF/wtf/CMakeFiles/WTF.dir/ConcurrentPtrHashSet.cpp.o
[149/929] Building CXX object Source/WTF/wtf/CMakeFiles/WTF.dir/DebugHeap.cpp.o
[150/929] Building CXX object Source/WTF/wtf/CMakeFiles/WTF.dir/CurrentTime.cpp.o
[151/929] Building CXX object Source/WTF/wtf/CMakeFiles/WTF.dir/CompilationThread.cpp.o
[152/929] Building CXX object Source/WTF/wtf/CMakeFiles/WTF.dir/FastBitVector.cpp.o
[153/929] Building CXX object Source/WTF/wtf/CMakeFiles/WTF.dir/CrossThreadCopier.cpp.o
[154/929] Building CXX object Source/WTF/wtf/CMakeFiles/WTF.dir/FilePrintStream.cpp.o
[155/929] Building CXX object Source/WTF/wtf/CMakeFiles/WTF.dir/CryptographicallyRandomNumber.cpp.o
[156/929] Building CXX object Source/WTF/wtf/CMakeFiles/WTF.dir/CountingLock.cpp.o
[157/929] Building CXX object Source/WTF/wtf/CMakeFiles/WTF.dir/FastMalloc.cpp.o
[158/929] Building CXX object Source/WTF/wtf/CMakeFiles/WTF.dir/unix/MemoryPressureHandlerUnix.cpp.o
[159/929] Building CXX object Source/WTF/wtf/CMakeFiles/WTF.dir/Assertions.cpp.o
[160/929] Building CXX object Source/WTF/wtf/CMakeFiles/WTF.dir/GlobalVersion.cpp.o
[161/929] Building CXX object Source/WTF/wtf/CMakeFiles/WTF.dir/Gigacage.cpp.o
[162/929] Building CXX object Source/WTF/wtf/CMakeFiles/WTF.dir/FunctionDispatcher.cpp.o
[163/929] Building CXX object Source/WTF/wtf/CMakeFiles/WTF.dir/CrossThreadTaskHandler.cpp.o
[164/929] Building CXX object Source/WTF/wtf/CMakeFiles/WTF.dir/DataLog.cpp.o
[165/929] Building CXX object Source/WTF/wtf/CMakeFiles/WTF.dir/AutomaticThread.cpp.o
[166/929] Building CXX object Source/WTF/wtf/CMakeFiles/WTF.dir/DateMath.cpp.o
[167/929] Building CXX object Source/WTF/wtf/CMakeFiles/WTF.dir/HashTable.cpp.o
[168/929] Building CXX object Source/WTF/wtf/CMakeFiles/WTF.dir/MD5.cpp.o
[169/929] Building CXX object Source/WTF/wtf/CMakeFiles/WTF.dir/JSValueMalloc.cpp.o
[170/929] Building CXX object Source/WTF/wtf/CMakeFiles/WTF.dir/GregorianDateTime.cpp.o
[171/929] Building CXX object Source/WTF/wtf/CMakeFiles/WTF.dir/FileSystem.cpp.o
[172/929] Building CXX object Source/WTF/wtf/CMakeFiles/WTF.dir/OSLogPrintStream.cpp.o
[173/929] Building CXX object Source/WTF/wtf/CMakeFiles/WTF.dir/NumberOfCores.cpp.o
[174/929] Building CXX object Source/WTF/wtf/CMakeFiles/WTF.dir/HexNumber.cpp.o
[175/929] Building CXX object Source/WTF/wtf/CMakeFiles/WTF.dir/MonotonicTime.cpp.o
[176/929] Building CXX object Source/WTF/wtf/CMakeFiles/WTF.dir/PageBlock.cpp.o
[177/929] Building CXX object Source/WTF/wtf/CMakeFiles/WTF.dir/LockedPrintStream.cpp.o
[178/929] Building CXX object Source/WTF/wtf/CMakeFiles/WTF.dir/OSRandomSource.cpp.o
[179/929] Building CXX object Source/WTF/wtf/CMakeFiles/WTF.dir/Logger.cpp.o
[180/929] Building CXX object Source/WTF/wtf/CMakeFiles/WTF.dir/Lock.cpp.o
[181/929] Building CXX object Source/WTF/wtf/CMakeFiles/WTF.dir/JSONValues.cpp.o
[182/929] Building CXX object Source/WTF/wtf/CMakeFiles/WTF.dir/MemoryPressureHandler.cpp.o
[183/929] Building CXX object Source/WTF/wtf/CMakeFiles/WTF.dir/RandomNumber.cpp.o
[184/929] Building CXX object Source/WTF/wtf/CMakeFiles/WTF.dir/Language.cpp.o
[185/929] Building CXX object Source/WTF/wtf/CMakeFiles/WTF.dir/ProcessPrivilege.cpp.o
[186/929] Building CXX object Source/WTF/wtf/CMakeFiles/WTF.dir/MediaTime.cpp.o
[187/929] Building CXX object Source/WTF/wtf/CMakeFiles/WTF.dir/RandomDevice.cpp.o
[188/929] Building CXX object Source/WTF/wtf/CMakeFiles/WTF.dir/RAMSize.cpp.o
[189/929] Building CXX object Source/WTF/wtf/CMakeFiles/WTF.dir/PrintStream.cpp.o
[190/929] Building CXX object Source/WTF/wtf/CMakeFiles/WTF.dir/MetaAllocator.cpp.o
[191/929] Building CXX object Source/WTF/wtf/CMakeFiles/WTF.dir/ReadWriteLock.cpp.o
[192/929] Building CXX object Source/WTF/wtf/CMakeFiles/WTF.dir/ParallelJobsGeneric.cpp.o
[193/929] Building CXX object Source/WTF/wtf/CMakeFiles/WTF.dir/RefCountedArray.cpp.o
[194/929] Building CXX object Source/WTF/wtf/CMakeFiles/WTF.dir/MainThread.cpp.o
[195/929] Building CXX object Source/WTF/wtf/CMakeFiles/WTF.dir/SixCharacterHash.cpp.o
[196/929] Building CXX object Source/WTF/wtf/CMakeFiles/WTF.dir/ObjectIdentifier.cpp.o
[197/929] Building CXX object Source/WTF/wtf/CMakeFiles/WTF.dir/RefCounted.cpp.o
[198/929] Building CXX object Source/WTF/wtf/CMakeFiles/WTF.dir/StackPointer.cpp.o
[199/929] Building CXX object Source/WTF/wtf/CMakeFiles/WTF.dir/SegmentedVector.cpp.o
[200/929] Building CXX object Source/WTF/wtf/CMakeFiles/WTF.dir/StackBounds.cpp.o
[201/929] Building CXX object Source/WTF/wtf/CMakeFiles/WTF.dir/SmallPtrSet.cpp.o
[202/929] Building CXX object Source/WTF/wtf/CMakeFiles/WTF.dir/SHA1.cpp.o
[203/929] Building CXX object Source/WTF/wtf/CMakeFiles/WTF.dir/StackStats.cpp.o
[204/929] Building CXX object Source/WTF/wtf/CMakeFiles/WTF.dir/StackTrace.cpp.o
[205/929] Building CXX object Source/WTF/wtf/CMakeFiles/WTF.dir/ParallelHelperPool.cpp.o
[206/929] Building CXX object Source/WTF/wtf/CMakeFiles/WTF.dir/RefCountedLeakCounter.cpp.o
[207/929] Building CXX object Source/WTF/wtf/CMakeFiles/WTF.dir/RunLoop.cpp.o
[208/929] Building CXX object Source/WTF/wtf/CMakeFiles/WTF.dir/ParkingLot.cpp.o
[209/929] Building CXX object Source/WTF/wtf/CMakeFiles/WTF.dir/WTFAssertions.cpp.o
[210/929] Building CXX object Source/WTF/wtf/CMakeFiles/WTF.dir/TimeWithDynamicClockType.cpp.o
[211/929] Building CXX object Source/WTF/wtf/CMakeFiles/WTF.dir/StringPrintStream.cpp.o
[212/929] Building CXX object Source/WTF/wtf/CMakeFiles/WTF.dir/UniqueArray.cpp.o
[213/929] Building CXX object Source/WTF/wtf/CMakeFiles/WTF.dir/Vector.cpp.o
[214/929] Building CXX object Source/WTF/wtf/CMakeFiles/WTF.dir/Seconds.cpp.o
[215/929] Building CXX object Source/WTF/wtf/CMakeFiles/WTF.dir/WTFConfig.cpp.o
[216/929] Building CXX object Source/WTF/wtf/CMakeFiles/WTF.dir/ThreadMessage.cpp.o
[217/929] Building CXX object Source/WTF/wtf/CMakeFiles/WTF.dir/TimingScope.cpp.o
[218/929] Building CXX object Source/WTF/wtf/CMakeFiles/WTF.dir/WallTime.cpp.o
[219/929] Building CXX object Source/WTF/wtf/CMakeFiles/WTF.dir/ThreadGroup.cpp.o
[220/929] Building CXX object Source/WTF/wtf/CMakeFiles/WTF.dir/dtoa/cached-powers.cc.o
[221/929] Building CXX object Source/WTF/wtf/CMakeFiles/WTF.dir/dtoa/bignum-dtoa.cc.o
[222/929] Building CXX object Source/WTF/wtf/CMakeFiles/WTF.dir/dtoa/diy-fp.cc.o
[223/929] Building CXX object Source/WTF/wtf/CMakeFiles/WTF.dir/dtoa/bignum.cc.o
[224/929] Building CXX object Source/WTF/wtf/CMakeFiles/WTF.dir/URLHelpers.cpp.o
[225/929] Building CXX object Source/WTF/wtf/CMakeFiles/WTF.dir/dtoa/fast-dtoa.cc.o
[226/929] Building CXX object Source/WTF/wtf/CMakeFiles/WTF.dir/dtoa/strtod.cc.o
[227/929] Building CXX object Source/WTF/wtf/CMakeFiles/WTF.dir/UUID.cpp.o
[228/929] Building CXX object Source/WTF/wtf/CMakeFiles/WTF.dir/dtoa.cpp.o
[229/929] Building CXX object Source/WTF/wtf/CMakeFiles/WTF.dir/dtoa/fixed-dtoa.cc.o
[230/929] Building CXX object Source/WTF/wtf/CMakeFiles/WTF.dir/Threading.cpp.o
[231/929] Building CXX object Source/WTF/wtf/CMakeFiles/WTF.dir/WordLock.cpp.o
[232/929] Building CXX object Source/WTF/wtf/CMakeFiles/WTF.dir/dtoa/double-conversion.cc.o
[233/929] Building CXX object Source/WTF/wtf/CMakeFiles/WTF.dir/text/ASCIILiteral.cpp.o
[234/929] Building CXX object Source/WTF/wtf/CMakeFiles/WTF.dir/text/LineEnding.cpp.o
[235/929] Building CXX object Source/WTF/wtf/CMakeFiles/WTF.dir/persistence/PersistentEncoder.cpp.o
[236/929] Building CXX object Source/WTF/wtf/CMakeFiles/WTF.dir/text/Base64.cpp.o
[237/929] Building CXX object Source/WTF/wtf/CMakeFiles/WTF.dir/persistence/PersistentDecoder.cpp.o
[238/929] Building CXX object Source/WTF/wtf/CMakeFiles/WTF.dir/persistence/PersistentCoders.cpp.o
[239/929] Building CXX object Source/WTF/wtf/CMakeFiles/WTF.dir/text/StringBuffer.cpp.o
[240/929] Building CXX object Source/WTF/wtf/CMakeFiles/WTF.dir/WorkerPool.cpp.o
[241/929] Building CXX object Source/WTF/wtf/CMakeFiles/WTF.dir/WorkQueue.cpp.o
[242/929] Building CXX object Source/WTF/wtf/CMakeFiles/WTF.dir/text/ExternalStringImpl.cpp.o
[243/929] Building CXX object Source/WTF/wtf/CMakeFiles/WTF.dir/text/CString.cpp.o
[244/929] Building CXX object Source/WTF/wtf/CMakeFiles/WTF.dir/URLParser.cpp.o
[245/929] Building CXX object Source/WTF/wtf/CMakeFiles/WTF.dir/text/AtomStringTable.cpp.o
[246/929] Building CXX object Source/WTF/wtf/CMakeFiles/WTF.dir/URL.cpp.o
[247/929] Building CXX object Source/WTF/wtf/CMakeFiles/WTF.dir/text/AtomString.cpp.o
[248/929] Building CXX object Source/WTF/wtf/CMakeFiles/WTF.dir/text/StringBuilderJSON.cpp.o
[249/929] Building CXX object Source/WTF/wtf/CMakeFiles/WTF.dir/unicode/UTF8Conversion.cpp.o
[250/929] Building CXX object Source/WTF/wtf/CMakeFiles/WTF.dir/unicode/CollatorDefault.cpp.o
[251/929] Building CXX object Source/WTF/wtf/CMakeFiles/WTF.dir/threads/BinarySemaphore.cpp.o
[252/929] Building CXX object Source/WTF/wtf/CMakeFiles/WTF.dir/text/icu/UTextProvider.cpp.o
[253/929] Building CXX object Source/WTF/wtf/CMakeFiles/WTF.dir/text/AtomStringImpl.cpp.o
[254/929] Building CXX object Source/WTF/wtf/CMakeFiles/WTF.dir/text/SymbolImpl.cpp.o
[255/929] Building CXX object Source/WTF/wtf/CMakeFiles/WTF.dir/text/icu/UTextProviderUTF16.cpp.o
[256/929] Building CXX object Source/WTF/wtf/CMakeFiles/WTF.dir/text/StringBuilder.cpp.o
[257/929] Building CXX object Source/WTF/wtf/CMakeFiles/WTF.dir/text/icu/UTextProviderLatin1.cpp.o
[258/929] Building CXX object Source/WTF/wtf/CMakeFiles/WTF.dir/text/SymbolRegistry.cpp.o
[259/929] Building CXX object Source/WTF/wtf/CMakeFiles/WTF.dir/unicode/icu/CollatorICU.cpp.o
[260/929] Building CXX object Source/WTF/wtf/CMakeFiles/WTF.dir/glib/GRefPtr.cpp.o
[261/929] Building CXX object Source/WTF/wtf/CMakeFiles/WTF.dir/text/TextStream.cpp.o
[262/929] Building CXX object Source/WTF/wtf/CMakeFiles/WTF.dir/text/WTFString.cpp.o
[263/929] Building CXX object Source/WTF/wtf/CMakeFiles/WTF.dir/glib/GLibUtilities.cpp.o
[264/929] Building CXX object Source/WTF/wtf/CMakeFiles/WTF.dir/threads/Signals.cpp.o
[265/929] Building CXX object Source/WTF/wtf/CMakeFiles/WTF.dir/text/StringImpl.cpp.o
[266/929] Building CXX object Source/WTF/wtf/CMakeFiles/WTF.dir/posix/OSAllocatorPOSIX.cpp.o
[267/929] Generating ../../../DerivedSources/ForwardingHeaders/wtf/CagedUniquePtr.h
[268/929] Generating ../../../DerivedSources/ForwardingHeaders/wtf/CallbackAggregator.h
[269/929] Generating ../../../DerivedSources/ForwardingHeaders/wtf/AnsiColors.h
[270/929] Generating ../../../DerivedSources/ForwardingHeaders/wtf/ASCIICType.h
[271/929] Generating ../../../DerivedSources/ForwardingHeaders/wtf/AutomaticThread.h
[272/929] Generating ../../../DerivedSources/ForwardingHeaders/wtf/BackwardsGraph.h
[273/929] Generating ../../../DerivedSources/ForwardingHeaders/wtf/Bitmap.h
[274/929] Generating ../../../DerivedSources/ForwardingHeaders/wtf/Algorithms.h
[275/929] Generating ../../../DerivedSources/ForwardingHeaders/wtf/BlockObjCExceptions.h
[276/929] Generating ../../../DerivedSources/ForwardingHeaders/wtf/BlockPtr.h
[277/929] Generating ../../../DerivedSources/ForwardingHeaders/wtf/BloomFilter.h
[278/929] Generating ../../../DerivedSources/ForwardingHeaders/wtf/BooleanLattice.h
[279/929] Generating ../../../DerivedSources/ForwardingHeaders/wtf/Bag.h
[280/929] Generating ../../../DerivedSources/ForwardingHeaders/wtf/BagToHashMap.h
[281/929] Generating ../../../DerivedSources/ForwardingHeaders/wtf/BitVector.h
[282/929] Generating ../../../DerivedSources/ForwardingHeaders/wtf/Box.h
[283/929] Generating ../../../DerivedSources/ForwardingHeaders/wtf/Brigand.h
[284/929] Generating ../../../DerivedSources/ForwardingHeaders/wtf/BubbleSort.h
[285/929] Generating ../../../DerivedSources/ForwardingHeaders/wtf/BumpPointerAllocator.h
[286/929] Generating ../../../DerivedSources/ForwardingHeaders/wtf/Atomics.h
[287/929] Generating ../../../DerivedSources/ForwardingHeaders/wtf/AutodrainedPool.h
[288/929] Generating ../../../DerivedSources/ForwardingHeaders/wtf/Assertions.h
[289/929] Generating ../../../DerivedSources/ForwardingHeaders/wtf/CheckedArithmetic.h
[290/929] Generating ../../../DerivedSources/ForwardingHeaders/wtf/CheckedBoolean.h
[291/929] Building CXX object Source/WTF/wtf/CMakeFiles/WTF.dir/text/TextBreakIterator.cpp.o
[292/929] Generating ../../../DerivedSources/ForwardingHeaders/wtf/ClockType.h
[293/929] Generating ../../../DerivedSources/ForwardingHeaders/wtf/CommaPrinter.h
[294/929] Generating ../../../DerivedSources/ForwardingHeaders/wtf/CompactPointerTuple.h
[295/929] Generating ../../../DerivedSources/ForwardingHeaders/wtf/CompactRefPtrTuple.h
[296/929] Generating ../../../DerivedSources/ForwardingHeaders/wtf/CompilationThread.h
[297/929] Generating ../../../DerivedSources/ForwardingHeaders/wtf/Compiler.h
[298/929] Generating ../../../DerivedSources/ForwardingHeaders/wtf/CompletionHandler.h
[299/929] Generating ../../../DerivedSources/ForwardingHeaders/wtf/ConcurrentBuffer.h
[300/929] Generating ../../../DerivedSources/ForwardingHeaders/wtf/ConcurrentPtrHashSet.h
[301/929] Generating ../../../DerivedSources/ForwardingHeaders/wtf/ConcurrentVector.h
[302/929] Generating ../../../DerivedSources/ForwardingHeaders/wtf/Condition.h
[303/929] Generating ../../../DerivedSources/ForwardingHeaders/wtf/CountingLock.h
[304/929] Generating ../../../DerivedSources/ForwardingHeaders/wtf/CrossThreadCopier.h
[305/929] Generating ../../../DerivedSources/ForwardingHeaders/wtf/CrossThreadQueue.h
[306/929] Generating ../../../DerivedSources/ForwardingHeaders/wtf/CrossThreadTask.h
[307/929] Generating ../../../DerivedSources/ForwardingHeaders/wtf/CrossThreadTaskHandler.h
[308/929] Generating ../../../DerivedSources/ForwardingHeaders/wtf/CryptographicUtilities.h
[309/929] Generating ../../../DerivedSources/ForwardingHeaders/wtf/CryptographicallyRandomNumber.h
[310/929] Generating ../../../DerivedSources/ForwardingHeaders/wtf/DataLog.h
[311/929] Generating ../../../DerivedSources/ForwardingHeaders/wtf/DataMutex.h
[312/929] Generating ../../../DerivedSources/ForwardingHeaders/wtf/DataRef.h
[313/929] Generating ../../../DerivedSources/ForwardingHeaders/wtf/DateMath.h
[314/929] Generating ../../../DerivedSources/ForwardingHeaders/wtf/DebugHeap.h
[315/929] Generating ../../../DerivedSources/ForwardingHeaders/wtf/DebugUtilities.h
[316/929] Generating ../../../DerivedSources/ForwardingHeaders/wtf/DeferrableRefCounted.h
[317/929] Generating ../../../DerivedSources/ForwardingHeaders/wtf/Deque.h
[318/929] Generating ../../../DerivedSources/ForwardingHeaders/wtf/DisallowCType.h
[319/929] Generating ../../../DerivedSources/ForwardingHeaders/wtf/Dominators.h
[320/929] Generating ../../../DerivedSources/ForwardingHeaders/wtf/DoublyLinkedList.h
[321/929] Building CXX object Source/WTF/wtf/CMakeFiles/WTF.dir/text/unix/TextBreakIteratorInternalICUUnix.cpp.o
[322/929] Generating ../../../DerivedSources/ForwardingHeaders/wtf/DumbPtrTraits.h
[323/929] Generating ../../../DerivedSources/ForwardingHeaders/wtf/DumbValueTraits.h
[324/929] Generating ../../../DerivedSources/ForwardingHeaders/wtf/EnumClassOperatorOverloads.h
[325/929] Generating ../../../DerivedSources/ForwardingHeaders/wtf/EnumTraits.h
[326/929] Building CXX object Source/WTF/wtf/CMakeFiles/WTF.dir/generic/MainThreadGeneric.cpp.o
[327/929] Generating ../../../DerivedSources/ForwardingHeaders/wtf/Expected.h
[328/929] Generating ../../../DerivedSources/ForwardingHeaders/wtf/ExportMacros.h
[329/929] Generating ../../../DerivedSources/ForwardingHeaders/wtf/FastBitVector.h
[330/929] Building CXX object Source/WTF/wtf/CMakeFiles/WTF.dir/text/StringView.cpp.o
[331/929] Generating ../../../DerivedSources/ForwardingHeaders/wtf/FastMalloc.h
[332/929] Generating ../../../DerivedSources/ForwardingHeaders/wtf/FastTLS.h
[333/929] Generating ../../../DerivedSources/ForwardingHeaders/wtf/FileMetadata.h
[334/929] Generating ../../../DerivedSources/ForwardingHeaders/wtf/FilePrintStream.h
[335/929] Generating ../../../DerivedSources/ForwardingHeaders/wtf/FileSystem.h
[336/929] Generating ../../../DerivedSources/ForwardingHeaders/wtf/FlipBytes.h
[337/929] Generating ../../../DerivedSources/ForwardingHeaders/wtf/ForbidHeapAllocation.h
[338/929] Generating ../../../DerivedSources/ForwardingHeaders/wtf/Forward.h
[339/929] Generating ../../../DerivedSources/ForwardingHeaders/wtf/Function.h
[340/929] Generating ../../../DerivedSources/ForwardingHeaders/wtf/FunctionDispatcher.h
[341/929] Generating ../../../DerivedSources/ForwardingHeaders/wtf/FunctionTraits.h
[342/929] Generating ../../../DerivedSources/ForwardingHeaders/wtf/GetPtr.h
[343/929] Generating ../../../DerivedSources/ForwardingHeaders/wtf/Gigacage.h
[344/929] Generating ../../../DerivedSources/ForwardingHeaders/wtf/GlobalVersion.h
[345/929] Generating ../../../DerivedSources/ForwardingHeaders/wtf/GraphNodeWorklist.h
[346/929] Generating ../../../DerivedSources/ForwardingHeaders/wtf/GregorianDateTime.h
[347/929] Generating ../../../DerivedSources/ForwardingHeaders/wtf/HashCountedSet.h
[348/929] Building CXX object Source/WTF/wtf/CMakeFiles/WTF.dir/linux/CurrentProcessMemoryStatus.cpp.o
[349/929] Generating ../../../DerivedSources/ForwardingHeaders/wtf/HashFunctions.h
[350/929] Generating ../../../DerivedSources/ForwardingHeaders/wtf/HashIterators.h
[351/929] Generating ../../../DerivedSources/ForwardingHeaders/wtf/HashMap.h
[352/929] Generating ../../../DerivedSources/ForwardingHeaders/wtf/HashMethod.h
[353/929] Generating ../../../DerivedSources/ForwardingHeaders/wtf/HashSet.h
[354/929] Generating ../../../DerivedSources/ForwardingHeaders/wtf/HashTable.h
[355/929] Generating ../../../DerivedSources/ForwardingHeaders/wtf/HashTraits.h
[356/929] Generating ../../../DerivedSources/ForwardingHeaders/wtf/Hasher.h
[357/929] Generating ../../../DerivedSources/ForwardingHeaders/wtf/HexNumber.h
[358/929] Generating ../../../DerivedSources/ForwardingHeaders/wtf/Identified.h
[359/929] Building CXX object Source/WTF/wtf/CMakeFiles/WTF.dir/glib/GSocketMonitor.cpp.o
[360/929] Building CXX object Source/WTF/wtf/CMakeFiles/WTF.dir/unix/CPUTimeUnix.cpp.o
[361/929] Generating ../../../DerivedSources/ForwardingHeaders/wtf/Indenter.h
[362/929] Generating ../../../DerivedSources/ForwardingHeaders/wtf/IndexKeyType.h
[363/929] Generating ../../../DerivedSources/ForwardingHeaders/wtf/IndexMap.h
[364/929] Generating ../../../DerivedSources/ForwardingHeaders/wtf/IndexSet.h
[365/929] Generating ../../../DerivedSources/ForwardingHeaders/wtf/IndexSparseSet.h
[366/929] Generating ../../../DerivedSources/ForwardingHeaders/wtf/IndexedContainerIterator.h
[367/929] Building CXX object Source/WTF/wtf/CMakeFiles/WTF.dir/glib/URLGLib.cpp.o
[368/929] Building CXX object Source/WTF/wtf/CMakeFiles/WTF.dir/unix/UniStdExtrasUnix.cpp.o
[369/929] Generating ../../../DerivedSources/ForwardingHeaders/wtf/InlineASM.h
[370/929] Generating ../../../DerivedSources/ForwardingHeaders/wtf/Insertion.h
[371/929] Generating ../../../DerivedSources/ForwardingHeaders/wtf/InstanceCounted.h
[372/929] Generating ../../../DerivedSources/ForwardingHeaders/wtf/IsoMalloc.h
[373/929] Generating ../../../DerivedSources/ForwardingHeaders/wtf/IsoMallocInlines.h
[374/929] Generating ../../../DerivedSources/ForwardingHeaders/wtf/IteratorAdaptors.h
[375/929] Generating ../../../DerivedSources/ForwardingHeaders/wtf/IteratorRange.h
[376/929] Generating ../../../DerivedSources/ForwardingHeaders/wtf/JSONValues.h
[377/929] Generating ../../../DerivedSources/ForwardingHeaders/wtf/JSValueMalloc.h
[378/929] Generating ../../../DerivedSources/ForwardingHeaders/wtf/KeyValuePair.h
[379/929] Generating ../../../DerivedSources/ForwardingHeaders/wtf/LEBDecoder.h
[380/929] Generating ../../../DerivedSources/ForwardingHeaders/wtf/Language.h
[381/929] Generating ../../../DerivedSources/ForwardingHeaders/wtf/ListDump.h
[382/929] Generating ../../../DerivedSources/ForwardingHeaders/wtf/ListHashSet.h
[383/929] Generating ../../../DerivedSources/ForwardingHeaders/wtf/Liveness.h
[384/929] Generating ../../../DerivedSources/ForwardingHeaders/wtf/Lock.h
[385/929] Generating ../../../DerivedSources/ForwardingHeaders/wtf/LockAlgorithm.h
[386/929] Generating ../../../DerivedSources/ForwardingHeaders/wtf/LockAlgorithmInlines.h
[387/929] Generating ../../../DerivedSources/ForwardingHeaders/wtf/LockedPrintStream.h
[388/929] Generating ../../../DerivedSources/ForwardingHeaders/wtf/Locker.h
[389/929] Generating ../../../DerivedSources/ForwardingHeaders/wtf/LocklessBag.h
[390/929] Generating ../../../DerivedSources/ForwardingHeaders/wtf/Logger.h
[391/929] Generating ../../../DerivedSources/ForwardingHeaders/wtf/LoggerHelper.h
[392/929] Generating ../../../DerivedSources/ForwardingHeaders/wtf/LoggingAccumulator.h
[393/929] Generating ../../../DerivedSources/ForwardingHeaders/wtf/LoggingHashID.h
[394/929] Generating ../../../DerivedSources/ForwardingHeaders/wtf/LoggingHashMap.h
[395/929] Generating ../../../DerivedSources/ForwardingHeaders/wtf/LoggingHashSet.h
[396/929] Building CXX object Source/WTF/wtf/CMakeFiles/WTF.dir/generic/WorkQueueGeneric.cpp.o
[397/929] Generating ../../../DerivedSources/ForwardingHeaders/wtf/LoggingHashTraits.h
[398/929] Generating ../../../DerivedSources/ForwardingHeaders/wtf/MD5.h
[399/929] Generating ../../../DerivedSources/ForwardingHeaders/wtf/MachSendRight.h
[400/929] Generating ../../../DerivedSources/ForwardingHeaders/wtf/MainThread.h
[401/929] Generating ../../../DerivedSources/ForwardingHeaders/wtf/MainThreadData.h
[402/929] Generating ../../../DerivedSources/ForwardingHeaders/wtf/MallocPtr.h
[403/929] Generating ../../../DerivedSources/ForwardingHeaders/wtf/Markable.h
[404/929] Generating ../../../DerivedSources/ForwardingHeaders/wtf/MathExtras.h
[405/929] Generating ../../../DerivedSources/ForwardingHeaders/wtf/MediaTime.h
[406/929] Building CXX object Source/WTF/wtf/CMakeFiles/WTF.dir/glib/FileSystemGlib.cpp.o
[407/929] Generating ../../../DerivedSources/ForwardingHeaders/wtf/MemoryFootprint.h
[408/929] Generating ../../../DerivedSources/ForwardingHeaders/wtf/MemoryPressureHandler.h
[409/929] Generating ../../../DerivedSources/ForwardingHeaders/wtf/MessageQueue.h
[410/929] Generating ../../../DerivedSources/ForwardingHeaders/wtf/MetaAllocator.h
[411/929] Generating ../../../DerivedSources/ForwardingHeaders/wtf/MetaAllocatorHandle.h
[412/929] Generating ../../../DerivedSources/ForwardingHeaders/wtf/MetaAllocatorPtr.h
[413/929] Generating ../../../DerivedSources/ForwardingHeaders/wtf/MonotonicTime.h
[414/929] Generating ../../../DerivedSources/ForwardingHeaders/wtf/NakedPtr.h
[415/929] Generating ../../../DerivedSources/ForwardingHeaders/wtf/NakedRef.h
[416/929] Generating ../../../DerivedSources/ForwardingHeaders/wtf/NaturalLoops.h
[417/929] Generating ../../../DerivedSources/ForwardingHeaders/wtf/NeverDestroyed.h
[418/929] Generating ../../../DerivedSources/ForwardingHeaders/wtf/NoLock.h
[419/929] Generating ../../../DerivedSources/ForwardingHeaders/wtf/NoTailCalls.h
[420/929] Generating ../../../DerivedSources/ForwardingHeaders/wtf/Noncopyable.h
[421/929] Generating ../../../DerivedSources/ForwardingHeaders/wtf/Nonmovable.h
[422/929] Generating ../../../DerivedSources/ForwardingHeaders/wtf/NotFound.h
[423/929] Generating ../../../DerivedSources/ForwardingHeaders/wtf/NumberOfCores.h
[424/929] Generating ../../../DerivedSources/ForwardingHeaders/wtf/OSAllocator.h
[425/929] Generating ../../../DerivedSources/ForwardingHeaders/wtf/OSLogPrintStream.h
[426/929] Generating ../../../DerivedSources/ForwardingHeaders/wtf/OSObjectPtr.h
[427/929] Generating ../../../DerivedSources/ForwardingHeaders/wtf/OSRandomSource.h
[428/929] Generating ../../../DerivedSources/ForwardingHeaders/wtf/ObjCRuntimeExtras.h
[429/929] Generating ../../../DerivedSources/ForwardingHeaders/wtf/ObjectIdentifier.h
[430/929] Generating ../../../DerivedSources/ForwardingHeaders/wtf/OptionSet.h
[431/929] Generating ../../../DerivedSources/ForwardingHeaders/wtf/OptionSetHash.h
[432/929] Generating ../../../DerivedSources/ForwardingHeaders/wtf/Optional.h
[433/929] Generating ../../../DerivedSources/ForwardingHeaders/wtf/OrderMaker.h
[434/929] Generating ../../../DerivedSources/ForwardingHeaders/wtf/Packed.h
[435/929] Generating ../../../DerivedSources/ForwardingHeaders/wtf/PackedRef.h
[436/929] Generating ../../../DerivedSources/ForwardingHeaders/wtf/PackedRefPtr.h
[437/929] Generating ../../DerivedSources/ForwardingHeaders/capi/fetcher.h
[438/929] Generating ../../../DerivedSources/ForwardingHeaders/wtf/PageReservation.h
[439/929] Generating ../../../DerivedSources/ForwardingHeaders/wtf/ParallelHelperPool.h
[440/929] Generating ../../../DerivedSources/ForwardingHeaders/wtf/ParallelJobs.h
[441/929] Generating ../../../DerivedSources/ForwardingHeaders/wtf/ParallelJobsGeneric.h
[442/929] Generating ../../../DerivedSources/ForwardingHeaders/wtf/ParallelJobsLibdispatch.h
[443/929] Generating ../../../DerivedSources/ForwardingHeaders/wtf/ParallelJobsOpenMP.h
[444/929] Generating ../../../DerivedSources/ForwardingHeaders/wtf/ParallelVectorIterator.h
[445/929] Generating ../../../DerivedSources/ForwardingHeaders/wtf/ParkingLot.h
[446/929] Generating ../../../DerivedSources/ForwardingHeaders/wtf/Platform.h
[447/929] Generating ../../../DerivedSources/ForwardingHeaders/wtf/PlatformCPU.h
[448/929] Generating ../../../DerivedSources/ForwardingHeaders/wtf/PlatformCallingConventions.h
[449/929] Generating ../../../DerivedSources/ForwardingHeaders/wtf/PlatformEnable.h
[450/929] Generating ../../../DerivedSources/ForwardingHeaders/wtf/PlatformEnableCocoa.h
[451/929] Generating ../../../DerivedSources/ForwardingHeaders/wtf/PlatformEnablePlayStation.h
[452/929] Generating ../../../DerivedSources/ForwardingHeaders/wtf/PlatformEnableWinApple.h
[453/929] Generating ../../../DerivedSources/ForwardingHeaders/wtf/PlatformEnableWinCairo.h
[454/929] Generating ../../../DerivedSources/ForwardingHeaders/wtf/PlatformHave.h
[455/929] Generating ../../../DerivedSources/ForwardingHeaders/wtf/PlatformLegacy.h
[456/929] Generating ../../../DerivedSources/ForwardingHeaders/wtf/PlatformOS.h
[457/929] Generating ../../../DerivedSources/ForwardingHeaders/wtf/PlatformRegisters.h
[458/929] Generating ../../../DerivedSources/ForwardingHeaders/wtf/PlatformUse.h
[459/929] Generating ../../../DerivedSources/ForwardingHeaders/wtf/PointerComparison.h
[460/929] Generating ../../../DerivedSources/ForwardingHeaders/wtf/PointerPreparations.h
[461/929] Generating ../../../DerivedSources/ForwardingHeaders/wtf/PrintStream.h
[462/929] Generating ../../../DerivedSources/ForwardingHeaders/wtf/PriorityQueue.h
[463/929] Generating ../../../DerivedSources/ForwardingHeaders/wtf/ProcessID.h
[464/929] Generating ../../../DerivedSources/ForwardingHeaders/wtf/ProcessPrivilege.h
[465/929] Generating ../../../DerivedSources/ForwardingHeaders/wtf/PtrTag.h
[466/929] Generating ../../../DerivedSources/ForwardingHeaders/wtf/RAMSize.h
[467/929] Generating ../../../DerivedSources/ForwardingHeaders/wtf/RandomDevice.h
[468/929] Generating ../../../DerivedSources/ForwardingHeaders/wtf/RandomNumber.h
[469/929] Generating ../../../DerivedSources/ForwardingHeaders/wtf/RandomNumberSeed.h
[470/929] Generating ../../../DerivedSources/ForwardingHeaders/wtf/Range.h
[471/929] Generating ../../../DerivedSources/ForwardingHeaders/wtf/RangeSet.h
[472/929] Generating ../../../DerivedSources/ForwardingHeaders/wtf/RawPointer.h
[473/929] Generating ../../../DerivedSources/ForwardingHeaders/wtf/ReadWriteLock.h
[474/929] Generating ../../../DerivedSources/ForwardingHeaders/wtf/RefPtr.h
[475/929] Generating ../../../DerivedSources/ForwardingHeaders/wtf/ResourceUsage.h
[476/929] Generating ../../../DerivedSources/ForwardingHeaders/wtf/RetainPtr.h
[477/929] Generating ../../../DerivedSources/ForwardingHeaders/wtf/RunLoop.h
[478/929] Generating ../../../DerivedSources/ForwardingHeaders/wtf/RunLoopTimer.h
[479/929] Generating ../../../DerivedSources/ForwardingHeaders/wtf/SHA1.h
[480/929] Generating ../../../DerivedSources/ForwardingHeaders/wtf/SaturatedArithmetic.h
[481/929] Generating ../../../DerivedSources/ForwardingHeaders/wtf/SchedulePair.h
[482/929] Generating ../../../DerivedSources/ForwardingHeaders/wtf/Scope.h
[483/929] Generating ../../../DerivedSources/ForwardingHeaders/wtf/ScopedLambda.h
[484/929] Generating ../../../DerivedSources/ForwardingHeaders/wtf/Seconds.h
[485/929] Generating ../../../DerivedSources/ForwardingHeaders/wtf/SegmentedVector.h
[486/929] Generating ../../../DerivedSources/ForwardingHeaders/wtf/SentinelLinkedList.h
[487/929] Generating ../../../DerivedSources/ForwardingHeaders/wtf/SetForScope.h
[488/929] Generating ../../../DerivedSources/ForwardingHeaders/wtf/SharedTask.h
[489/929] Generating ../../../DerivedSources/ForwardingHeaders/wtf/SimpleStats.h
[490/929] Generating ../../../DerivedSources/ForwardingHeaders/wtf/SingleRootGraph.h
[491/929] Generating ../../../DerivedSources/ForwardingHeaders/wtf/SinglyLinkedList.h
[492/929] Generating ../../../DerivedSources/ForwardingHeaders/wtf/SinglyLinkedListWithTail.h
[493/929] Generating ../../../DerivedSources/ForwardingHeaders/wtf/SixCharacterHash.h
[494/929] Generating ../../../DerivedSources/ForwardingHeaders/wtf/SmallPtrSet.h
[495/929] Generating ../../../DerivedSources/ForwardingHeaders/wtf/SoftLinking.h
[496/929] Generating ../../../DerivedSources/ForwardingHeaders/wtf/SpanningTree.h
[497/929] Generating ../../../DerivedSources/ForwardingHeaders/wtf/Spectrum.h
[498/929] Generating ../../../DerivedSources/ForwardingHeaders/wtf/StackBounds.h
[499/929] Generating ../../../DerivedSources/ForwardingHeaders/wtf/StackCheck.h
[500/929] Generating ../../../DerivedSources/ForwardingHeaders/wtf/StackPointer.h
[501/929] Generating ../../../DerivedSources/ForwardingHeaders/wtf/StackShot.h
[502/929] Generating ../../../DerivedSources/ForwardingHeaders/wtf/StackShotProfiler.h
[503/929] Generating ../../../DerivedSources/ForwardingHeaders/wtf/StackStats.h
[504/929] Generating ../../../DerivedSources/ForwardingHeaders/wtf/StackTrace.h
[505/929] Generating ../../../DerivedSources/ForwardingHeaders/wtf/StdIntExtras.h
[506/929] Generating ../../../DerivedSources/ForwardingHeaders/wtf/StdLibExtras.h
[507/929] Generating ../../../DerivedSources/ForwardingHeaders/wtf/StdList.h
[508/929] Generating ../../../DerivedSources/ForwardingHeaders/wtf/StdMap.h
[509/929] Generating ../../../DerivedSources/ForwardingHeaders/wtf/StdSet.h
[510/929] Generating ../../../DerivedSources/ForwardingHeaders/wtf/StdUnorderedMap.h
[511/929] Generating ../../../DerivedSources/ForwardingHeaders/wtf/StdUnorderedSet.h
[512/929] Generating ../../../DerivedSources/ForwardingHeaders/wtf/Stopwatch.h
[513/929] Generating ../../../DerivedSources/ForwardingHeaders/wtf/StreamBuffer.h
[514/929] Generating ../../../DerivedSources/ForwardingHeaders/wtf/StringExtras.h
[515/929] Generating ../../../DerivedSources/ForwardingHeaders/wtf/StringHashDumpContext.h
[516/929] Generating ../../../DerivedSources/ForwardingHeaders/wtf/StringPrintStream.h
[517/929] Building CXX object Source/WTF/wtf/CMakeFiles/WTF.dir/glib/RunLoopGLib.cpp.o
[518/929] Generating ../../../DerivedSources/ForwardingHeaders/wtf/SynchronizedFixedQueue.h
[519/929] Generating ../../../DerivedSources/ForwardingHeaders/wtf/SystemFree.h
[520/929] Generating ../../../DerivedSources/ForwardingHeaders/wtf/SystemTracing.h
[521/929] Generating ../../../DerivedSources/ForwardingHeaders/wtf/TaggedArrayStoragePtr.h
[522/929] Generating ../../../DerivedSources/ForwardingHeaders/wtf/ThreadGroup.h
[523/929] Generating ../../../DerivedSources/ForwardingHeaders/wtf/ThreadMessage.h
[524/929] Generating ../../../DerivedSources/ForwardingHeaders/wtf/ThreadSafeRefCounted.h
[525/929] Generating ../../../DerivedSources/ForwardingHeaders/wtf/ThreadSpecific.h
[526/929] Generating ../../../DerivedSources/ForwardingHeaders/wtf/Threading.h
[527/929] Generating ../../../DerivedSources/ForwardingHeaders/wtf/ThreadingPrimitives.h
[528/929] Generating ../../../DerivedSources/ForwardingHeaders/wtf/TimeWithDynamicClockType.h
[529/929] Generating ../../../DerivedSources/ForwardingHeaders/wtf/TimingScope.h
[530/929] Generating ../../../DerivedSources/ForwardingHeaders/wtf/TinyLRUCache.h
[531/929] Generating ../../../DerivedSources/ForwardingHeaders/wtf/TinyPtrSet.h
[532/929] Generating ../../../DerivedSources/ForwardingHeaders/wtf/TranslatedProcess.h
[533/929] Generating ../../../DerivedSources/ForwardingHeaders/wtf/TriState.h
[534/929] Generating ../../../DerivedSources/ForwardingHeaders/wtf/TypeCasts.h
[535/929] Generating ../../../DerivedSources/ForwardingHeaders/wtf/URL.h
[536/929] Generating ../../../DerivedSources/ForwardingHeaders/wtf/URLHash.h
[537/929] Generating ../../../DerivedSources/ForwardingHeaders/wtf/URLHelpers.h
[538/929] Generating ../../../DerivedSources/ForwardingHeaders/wtf/URLParser.h
[539/929] Generating ../../../DerivedSources/ForwardingHeaders/wtf/UUID.h
[540/929] Generating ../../../DerivedSources/ForwardingHeaders/wtf/UnalignedAccess.h
[541/929] Generating ../../../DerivedSources/ForwardingHeaders/wtf/Unexpected.h
[542/929] Generating ../../../DerivedSources/ForwardingHeaders/wtf/UniStdExtras.h
[543/929] Generating ../../../DerivedSources/ForwardingHeaders/wtf/UnionFind.h
[544/929] Generating ../../../DerivedSources/ForwardingHeaders/wtf/UniqueArray.h
[545/929] Generating ../../../DerivedSources/ForwardingHeaders/wtf/UniqueRef.h
[546/929] Generating ../../../DerivedSources/ForwardingHeaders/wtf/UnsafePointer.h
[547/929] Generating ../../../DerivedSources/ForwardingHeaders/wtf/VMTags.h
[548/929] Generating ../../../DerivedSources/ForwardingHeaders/wtf/ValueCheck.h
[549/929] Generating ../../../DerivedSources/ForwardingHeaders/wtf/Variant.h
[550/929] Generating ../../../DerivedSources/ForwardingHeaders/wtf/Vector.h
[551/929] Generating ../../../DerivedSources/ForwardingHeaders/wtf/VectorHash.h
[552/929] Generating ../../../DerivedSources/ForwardingHeaders/wtf/VectorTraits.h
[553/929] Generating ../../../DerivedSources/ForwardingHeaders/wtf/WTFConfig.h
[554/929] Generating ../../../DerivedSources/ForwardingHeaders/wtf/WTFSemaphore.h
[555/929] Generating ../../../DerivedSources/ForwardingHeaders/wtf/WallTime.h
[556/929] Generating ../../../DerivedSources/ForwardingHeaders/wtf/WeakHashSet.h
[557/929] Generating ../../../DerivedSources/ForwardingHeaders/wtf/WeakPtr.h
[558/929] Generating ../../../DerivedSources/ForwardingHeaders/wtf/WeakRandom.h
[559/929] Generating ../../../DerivedSources/ForwardingHeaders/wtf/WindowsExtras.h
[560/929] Generating ../../../DerivedSources/ForwardingHeaders/wtf/WordLock.h
[561/929] Generating ../../../DerivedSources/ForwardingHeaders/wtf/WorkQueue.h
[562/929] Generating ../../../DerivedSources/ForwardingHeaders/wtf/WorkerPool.h
[563/929] Generating ../../../DerivedSources/ForwardingHeaders/wtf/dtoa.h
[564/929] Generating ../../../DerivedSources/ForwardingHeaders/wtf/dtoa/bignum-dtoa.h
[565/929] Generating ../../../DerivedSources/ForwardingHeaders/wtf/dtoa/bignum.h
[566/929] Generating ../../../DerivedSources/ForwardingHeaders/wtf/dtoa/cached-powers.h
[567/929] Generating ../../../DerivedSources/ForwardingHeaders/wtf/dtoa/diy-fp.h
[568/929] Generating ../../../DerivedSources/ForwardingHeaders/wtf/dtoa/double-conversion.h
[569/929] Generating ../../../DerivedSources/ForwardingHeaders/wtf/dtoa/fast-dtoa.h
[570/929] Generating ../../../DerivedSources/ForwardingHeaders/wtf/dtoa/fixed-dtoa.h
[571/929] Generating ../../../DerivedSources/ForwardingHeaders/wtf/dtoa/ieee.h
[572/929] Generating ../../../DerivedSources/ForwardingHeaders/wtf/dtoa/strtod.h
[573/929] Generating ../../../DerivedSources/ForwardingHeaders/wtf/dtoa/utils.h
[574/929] Generating ../../../DerivedSources/ForwardingHeaders/wtf/glib/GLibUtilities.h
[575/929] Generating ../../../DerivedSources/ForwardingHeaders/wtf/glib/GMutexLocker.h
[576/929] Generating ../../../DerivedSources/ForwardingHeaders/wtf/glib/GRefPtr.h
[577/929] Generating ../../../DerivedSources/ForwardingHeaders/wtf/glib/GSocketMonitor.h
[578/929] Generating ../../../DerivedSources/ForwardingHeaders/wtf/glib/GTypedefs.h
[579/929] Generating ../../../DerivedSources/ForwardingHeaders/wtf/glib/GUniquePtr.h
[580/929] Generating ../../../DerivedSources/ForwardingHeaders/wtf/glib/RunLoopSourcePriority.h
[581/929] Generating ../../../DerivedSources/ForwardingHeaders/wtf/glib/SocketConnection.h
[582/929] Generating ../../../DerivedSources/ForwardingHeaders/wtf/glib/WTFGType.h
[583/929] Generating ../../../DerivedSources/ForwardingHeaders/wtf/linux/CurrentProcessMemoryStatus.h
[584/929] Generating ../../../DerivedSources/ForwardingHeaders/wtf/linux/ProcessMemoryFootprint.h
[585/929] Generating ../../../DerivedSources/ForwardingHeaders/wtf/persistence/PersistentCoder.h
[586/929] Generating ../../../DerivedSources/ForwardingHeaders/wtf/persistence/PersistentCoders.h
[587/929] Generating ../../../DerivedSources/ForwardingHeaders/wtf/persistence/PersistentDecoder.h
[588/929] Generating ../../../DerivedSources/ForwardingHeaders/wtf/persistence/PersistentEncoder.h
[589/929] Generating ../../../DerivedSources/ForwardingHeaders/wtf/text/ASCIIFastPath.h
[590/929] Generating ../../../DerivedSources/ForwardingHeaders/wtf/text/ASCIILiteral.h
[591/929] Generating ../../../DerivedSources/ForwardingHeaders/wtf/text/AtomString.h
[592/929] Generating ../../../DerivedSources/ForwardingHeaders/wtf/text/AtomStringHash.h
[593/929] Generating ../../../DerivedSources/ForwardingHeaders/wtf/text/AtomStringImpl.h
[594/929] Generating ../../../DerivedSources/ForwardingHeaders/wtf/text/AtomStringTable.h
[595/929] Generating ../../../DerivedSources/ForwardingHeaders/wtf/text/Base64.h
[596/929] Generating ../../../DerivedSources/ForwardingHeaders/wtf/text/CString.h
[597/929] Generating ../../../DerivedSources/ForwardingHeaders/wtf/text/ConversionMode.h
[598/929] Generating ../../../DerivedSources/ForwardingHeaders/wtf/text/ExternalStringImpl.h
[599/929] Generating ../../../DerivedSources/ForwardingHeaders/wtf/text/IntegerToStringConversion.h
[600/929] Generating ../../../DerivedSources/ForwardingHeaders/wtf/text/LChar.h
[601/929] Generating ../../../DerivedSources/ForwardingHeaders/wtf/text/LineBreakIteratorPoolICU.h
[602/929] Generating ../../../DerivedSources/ForwardingHeaders/wtf/text/LineEnding.h
[603/929] Generating ../../../DerivedSources/ForwardingHeaders/wtf/text/NullTextBreakIterator.h
[604/929] Generating ../../../DerivedSources/ForwardingHeaders/wtf/text/OrdinalNumber.h
[605/929] Generating ../../../DerivedSources/ForwardingHeaders/wtf/text/StringBuffer.h
[606/929] Generating ../../../DerivedSources/ForwardingHeaders/wtf/text/StringBuilder.h
[607/929] Generating ../../../DerivedSources/ForwardingHeaders/wtf/text/StringCommon.h
[608/929] Generating ../../../DerivedSources/ForwardingHeaders/wtf/text/StringConcatenate.h
[609/929] Generating ../../../DerivedSources/ForwardingHeaders/wtf/text/StringConcatenateNumbers.h
[610/929] Generating ../../../DerivedSources/ForwardingHeaders/wtf/text/StringHash.h
[611/929] Generating ../../../DerivedSources/ForwardingHeaders/wtf/text/StringHasher.h
[612/929] Generating ../../../DerivedSources/ForwardingHeaders/wtf/text/StringImpl.h
[613/929] Generating ../../../DerivedSources/ForwardingHeaders/wtf/text/StringOperators.h
[614/929] Generating ../../../DerivedSources/ForwardingHeaders/wtf/text/StringToIntegerConversion.h
[615/929] Generating ../../../DerivedSources/ForwardingHeaders/wtf/text/StringView.h
[616/929] Generating ../../../DerivedSources/ForwardingHeaders/wtf/text/SymbolImpl.h
[617/929] Generating ../../../DerivedSources/ForwardingHeaders/wtf/text/SymbolRegistry.h
[618/929] Generating ../../../DerivedSources/ForwardingHeaders/wtf/text/TextBreakIterator.h
[619/929] Generating ../../../DerivedSources/ForwardingHeaders/wtf/text/TextBreakIteratorInternalICU.h
[620/929] Generating ../../../DerivedSources/ForwardingHeaders/wtf/text/TextPosition.h
[621/929] Generating ../../../DerivedSources/ForwardingHeaders/wtf/text/TextStream.h
[622/929] Generating ../../../DerivedSources/ForwardingHeaders/wtf/text/UTF8ConversionError.h
[623/929] Generating ../../../DerivedSources/ForwardingHeaders/wtf/text/UniquedStringImpl.h
[624/929] Generating ../../../DerivedSources/ForwardingHeaders/wtf/text/WTFString.h
[625/929] Generating ../../../DerivedSources/ForwardingHeaders/wtf/text/icu/TextBreakIteratorICU.h
[626/929] Generating ../../../DerivedSources/ForwardingHeaders/wtf/text/icu/UTextProvider.h
[627/929] Generating ../../../DerivedSources/ForwardingHeaders/wtf/text/icu/UTextProviderLatin1.h
[628/929] Generating ../../../DerivedSources/ForwardingHeaders/wtf/text/icu/UTextProviderUTF16.h
[629/929] Generating ../../../DerivedSources/ForwardingHeaders/wtf/threads/BinarySemaphore.h
[630/929] Generating ../../../DerivedSources/ForwardingHeaders/wtf/threads/Signals.h
[631/929] Generating ../../../DerivedSources/ForwardingHeaders/wtf/unicode/CharacterNames.h
[632/929] Generating ../../../DerivedSources/ForwardingHeaders/wtf/unicode/Collator.h
[633/929] Generating ../../../DerivedSources/ForwardingHeaders/wtf/unicode/UTF8Conversion.h
[634/929] Generating ../../../DerivedSources/ForwardingHeaders/wtf/unicode/icu/ICUHelpers.h
[635/929] Building C object Source/third-party/xdgmime/CMakeFiles/xdgmime.dir/src/xdgmimealias.c.o
[636/929] Building C object Source/third-party/xdgmime/CMakeFiles/xdgmime.dir/src/xdgmimeint.c.o
[637/929] Building C object Source/third-party/xdgmime/CMakeFiles/xdgmime.dir/src/xdgmimeicon.c.o
[638/929] Building CXX object Source/WTF/wtf/CMakeFiles/WTF.dir/unix/LanguageUnix.cpp.o
[639/929] Building C object Source/third-party/xdgmime/CMakeFiles/xdgmime.dir/src/xdgmime.c.o
[640/929] Building C object Source/third-party/xdgmime/CMakeFiles/xdgmime.dir/src/xdgmimeparent.c.o
[641/929] Building C object Source/third-party/xdgmime/CMakeFiles/xdgmime.dir/src/xdgmimeglob.c.o
[642/929] Building CXX object Source/WTF/wtf/CMakeFiles/WTF.dir/posix/ThreadingPOSIX.cpp.o
[643/929] Building C object Source/third-party/xdgmime/CMakeFiles/xdgmime.dir/src/xdgmimemagic.c.o
[644/929] Building CXX object Source/WTF/wtf/CMakeFiles/WTF.dir/linux/MemoryFootprintLinux.cpp.o
[645/929] Building C object Source/third-party/xdgmime/CMakeFiles/xdgmime.dir/src/xdgmimecache.c.o
[646/929] Building CXX object Source/capi/CMakeFiles/fetcher_capi.dir/capi/ipc/unix/AttachmentUnix.cpp.o
[647/929] Building CXX object Source/capi/CMakeFiles/fetcher_capi.dir/capi/ipc/Attachment.cpp.o
[648/929] Building CXX object Source/capi/CMakeFiles/fetcher_capi.dir/capi/ipc/DataReference.cpp.o
[649/929] Building CXX object Source/WTF/wtf/CMakeFiles/WTF.dir/glib/SocketConnection.cpp.o
[650/929] Building CXX object Source/capi/CMakeFiles/fetcher_capi.dir/capi/ipc/StringReference.cpp.o
[651/929] Linking CXX static library Source/WTF/wtf/libWTFLINUX.a
[652/929] Building CXX object Source/capi/CMakeFiles/fetcher_capi.dir/capi/ipc/Encoder.cpp.o
[653/929] Building CXX object Source/capi/CMakeFiles/fetcher_capi.dir/capi/messages/MessageNames.cpp.o
[654/929] Building CXX object Source/capi/CMakeFiles/fetcher_capi.dir/capi/ipc/Decoder.cpp.o
[655/929] Building CXX object Source/capi/CMakeFiles/fetcher_capi.dir/capi/ipc/MessageReceiverMap.cpp.o
[656/929] Building CXX object Source/capi/CMakeFiles/fetcher_capi.dir/capi/ipc/ArgumentCoders.cpp.o
[657/929] Building CXX object Source/capi/CMakeFiles/fetcher_capi.dir/capi/ipc/unix/SharedMemoryUnix.cpp.o
[658/929] Building CXX object Source/capi/CMakeFiles/fetcher_capi.dir/capi/ipc/soup/SharedBufferSoup.cpp.o
[659/929] Building CXX object Source/capi/CMakeFiles/fetcher_capi.dir/capi/ipc/SharedMemory.cpp.o
[660/929] Building CXX object Source/capi/CMakeFiles/fetcher_capi.dir/capi/ipc/MessageSender.cpp.o
[661/929] Building CXX object Source/capi/CMakeFiles/fetcher_capi.dir/capi/messages/HTTPHeaderNames.cpp.o
[662/929] Building CXX object Source/capi/CMakeFiles/fetcher_capi.dir/capi/ipc/soup/SharedBufferGlib.cpp.o
[663/929] Building CXX object Source/capi/CMakeFiles/fetcher_capi.dir/capi/messages/HTTPHeaderMap.cpp.o
[664/929] Building CXX object Source/capi/CMakeFiles/fetcher_capi.dir/capi/ipc/SharedBuffer.cpp.o
[665/929] Building C object Source/capi/CMakeFiles/fetcher_capi.dir/capi/fetcher.c.o
[666/929] Building CXX object Source/capi/CMakeFiles/fetcher_capi.dir/capi/launcher/ProcessLauncher.cpp.o
[667/929] Building CXX object Source/capi/CMakeFiles/fetcher_capi.dir/capi/messages/ResourceErrorBase.cpp.o
[668/929] Building CXX object Source/capi/CMakeFiles/fetcher_capi.dir/capi/fetcher-local.cpp.o
[669/929] Building CXX object Source/capi/CMakeFiles/fetcher_capi.dir/capi/messages/NetworkSessionCreationParameters.cpp.o
[670/929] Linking C static library Source/third-party/xdgmime/libxdgmime.a
[671/929] Generating ../../DerivedSources/messages/MessageNames.cpp, ../../DerivedSources/messages/MessageNames.h, ../../DerivedSources/messages/AuxiliaryProcessMessageReceiver.cpp, ../../DerivedSources/messages/AuxiliaryProcessMessages.h, ../../DerivedSources/messages/AuxiliaryProcessMessagesReplies.h, ../../DerivedSources/messages/CacheStorageEngineConnectionMessageReceiver.cpp, ../../DerivedSources/messages/CacheStorageEngineConnectionMessages.h, ../../DerivedSources/messages/CacheStorageEngineConnectionMessagesReplies.h, ../../DerivedSources/messages/DownloadProxyMessageReceiver.cpp, ../../DerivedSources/messages/DownloadProxyMessages.h, ../../DerivedSources/messages/DownloadProxyMessagesReplies.h, ../../DerivedSources/messages/NetworkConnectionToWebProcessMessageReceiver.cpp, ../../DerivedSources/messages/NetworkConnectionToWebProcessMessages.h, ../../DerivedSources/messages/NetworkConnectionToWebProcessMessagesReplies.h, ../../DerivedSources/messages/NetworkProcessConnectionMessageReceiver.cpp, ../../DerivedSources/messages/NetworkProcessConnectionMessages.h, ../../DerivedSources/messages/NetworkProcessConnectionMessagesReplies.h, ../../DerivedSources/messages/NetworkProcessMessageReceiver.cpp, ../../DerivedSources/messages/NetworkProcessMessages.h, ../../DerivedSources/messages/NetworkProcessMessagesReplies.h, ../../DerivedSources/messages/NetworkProcessProxyMessageReceiver.cpp, ../../DerivedSources/messages/NetworkProcessProxyMessages.h, ../../DerivedSources/messages/NetworkProcessProxyMessagesReplies.h, ../../DerivedSources/messages/NetworkResourceLoaderMessageReceiver.cpp, ../../DerivedSources/messages/NetworkResourceLoaderMessages.h, ../../DerivedSources/messages/NetworkResourceLoaderMessagesReplies.h, ../../DerivedSources/messages/StorageAreaMapMessageReceiver.cpp, ../../DerivedSources/messages/StorageAreaMapMessages.h, ../../DerivedSources/messages/StorageAreaMapMessagesReplies.h, ../../DerivedSources/messages/StorageManagerSetMessageReceiver.cpp, ../../DerivedSources/messages/StorageManagerSetMessages.h, ../../DerivedSources/messages/StorageManagerSetMessagesReplies.h, ../../DerivedSources/messages/WebCookieManagerMessageReceiver.cpp, ../../DerivedSources/messages/WebCookieManagerMessages.h, ../../DerivedSources/messages/WebCookieManagerMessagesReplies.h, ../../DerivedSources/messages/WebCookieManagerProxyMessageReceiver.cpp, ../../DerivedSources/messages/WebCookieManagerProxyMessages.h, ../../DerivedSources/messages/WebCookieManagerProxyMessagesReplies.h, ../../DerivedSources/messages/WebResourceLoaderMessageReceiver.cpp, ../../DerivedSources/messages/WebResourceLoaderMessages.h, ../../DerivedSources/messages/WebResourceLoaderMessagesReplies.h
[672/929] Building CXX object Source/capi/CMakeFiles/fetcher_capi.dir/capi/messages/soup/URLSoup.cpp.o
[673/929] Building C object Source/PurCFetcher/CMakeFiles/PurCFetcher.dir/instance/features.c.o
[674/929] Building CXX object Source/capi/CMakeFiles/fetcher_capi.dir/capi/messages/FormData.cpp.o
[675/929] Building C object Source/PurCFetcher/CMakeFiles/PurCFetcher.dir/instance/instance.c.o
[676/929] Building CXX object Source/capi/CMakeFiles/fetcher_capi.dir/capi/ipc/unix/ConnectionUnix.cpp.o
[677/929] Building C object Source/PurCFetcher/CMakeFiles/PurCFetcher.dir/ports/vasprintf.c.o
[678/929] Building C object Source/PurCFetcher/CMakeFiles/PurCFetcher.dir/utils/debug.c.o
[679/929] Building CXX object Source/capi/CMakeFiles/fetcher_capi.dir/capi/messages/WebsiteDataStoreParameters.cpp.o
[680/929] Building CXX object Source/capi/CMakeFiles/fetcher_capi.dir/capi/messages/SecurityOrigin.cpp.o
[681/929] Building CXX object Source/capi/CMakeFiles/fetcher_capi.dir/capi/messages/soup/ResourceErrorSoup.cpp.o
[682/929] Building CXX object Source/capi/CMakeFiles/fetcher_capi.dir/capi/messages/ResourceResponseBase.cpp.o
[683/929] Building CXX object Source/capi/CMakeFiles/fetcher_capi.dir/capi/messages/soup/CertificateInfoSoup.cpp.o
[684/929] Building CXX object Source/capi/CMakeFiles/fetcher_capi.dir/capi/messages/NetworkProcessCreationParameters.cpp.o
[685/929] Building CXX object Source/capi/CMakeFiles/fetcher_capi.dir/capi/messages/ResourceRequestBase.cpp.o
[686/929] Building CXX object Source/PurCFetcher/CMakeFiles/PurCFetcher.dir/__/__/DerivedSources/messages/AuxiliaryProcessMessageReceiver.cpp.o
[687/929] Building CXX object Source/capi/CMakeFiles/fetcher_capi.dir/capi/messages/WebCoreArgumentCoders.cpp.o
[688/929] Building CXX object Source/capi/CMakeFiles/fetcher_capi.dir/capi/messages/NetworkResourceLoadParameters.cpp.o
[689/929] Building CXX object Source/capi/CMakeFiles/fetcher_capi.dir/capi/ipc/Connection.cpp.o
[690/929] Building CXX object Source/capi/CMakeFiles/fetcher_capi.dir/capi/messages/soup/WebCoreArgumentCodersSoup.cpp.o
[691/929] Building CXX object Source/capi/CMakeFiles/fetcher_capi.dir/capi/fetcher-remote.cpp.o
[692/929] Building CXX object Source/PurCFetcher/CMakeFiles/PurCFetcher.dir/auxiliary/APIObject.cpp.o
[693/929] Building CXX object Source/PurCFetcher/CMakeFiles/PurCFetcher.dir/__/__/DerivedSources/messages/MessageNames.cpp.o
[694/929] Building CXX object Source/PurCFetcher/CMakeFiles/PurCFetcher.dir/__/__/DerivedSources/messages/StorageAreaMapMessageReceiver.cpp.o
[695/929] Building CXX object Source/PurCFetcher/CMakeFiles/PurCFetcher.dir/__/__/DerivedSources/messages/WebCookieManagerProxyMessageReceiver.cpp.o
[696/929] Building CXX object Source/capi/CMakeFiles/fetcher_capi.dir/capi/fetcher-process.cpp.o
[697/929] Building CXX object Source/PurCFetcher/CMakeFiles/PurCFetcher.dir/auxiliary/ContentSecurityPolicyClient.cpp.o
[698/929] Building CXX object Source/PurCFetcher/CMakeFiles/PurCFetcher.dir/auxiliary/APIError.cpp.o
[699/929] Building CXX object Source/PurCFetcher/CMakeFiles/PurCFetcher.dir/auxiliary/DiagnosticLoggingKeys.cpp.o
[700/929] Building CXX object Source/PurCFetcher/CMakeFiles/PurCFetcher.dir/__/__/DerivedSources/messages/NetworkProcessConnectionMessageReceiver.cpp.o
[701/929] Building CXX object Source/PurCFetcher/CMakeFiles/PurCFetcher.dir/auxiliary/AuxiliaryProcess.cpp.o
[702/929] Building CXX object Source/PurCFetcher/CMakeFiles/PurCFetcher.dir/__/__/DerivedSources/messages/DownloadProxyMessageReceiver.cpp.o
[703/929] Building CXX object Source/PurCFetcher/CMakeFiles/PurCFetcher.dir/__/__/DerivedSources/messages/NetworkResourceLoaderMessageReceiver.cpp.o
[704/929] Building CXX object Source/PurCFetcher/CMakeFiles/PurCFetcher.dir/auxiliary/OriginAccessEntry.cpp.o
[705/929] Building CXX object Source/PurCFetcher/CMakeFiles/PurCFetcher.dir/auxiliary/DownloadProxy.cpp.o
[706/929] Building CXX object Source/capi/CMakeFiles/fetcher_capi.dir/capi/fetcher-session.cpp.o
[707/929] Building CXX object Source/PurCFetcher/CMakeFiles/PurCFetcher.dir/auxiliary/Logging.cpp.o
[708/929] Building CXX object Source/PurCFetcher/CMakeFiles/PurCFetcher.dir/auxiliary/ContentSecurityPolicyResponseHeaders.cpp.o
[709/929] Building CXX object Source/PurCFetcher/CMakeFiles/PurCFetcher.dir/auxiliary/HTTPHeaderNames.cpp.o
[710/929] Building CXX object Source/PurCFetcher/CMakeFiles/PurCFetcher.dir/__/__/DerivedSources/messages/StorageManagerSetMessageReceiver.cpp.o
[711/929] Building CXX object Source/PurCFetcher/CMakeFiles/PurCFetcher.dir/auxiliary/NotImplemented.cpp.o
[712/929] Building CXX object Source/PurCFetcher/CMakeFiles/PurCFetcher.dir/auxiliary/LegacySchemeRegistry.cpp.o
[713/929] Building CXX object Source/PurCFetcher/CMakeFiles/PurCFetcher.dir/auxiliary/MainThreadSharedTimer.cpp.o
[714/929] Building CXX object Source/PurCFetcher/CMakeFiles/PurCFetcher.dir/auxiliary/CrossOriginPreflightResultCache.cpp.o
[715/929] Building CXX object Source/PurCFetcher/CMakeFiles/PurCFetcher.dir/auxiliary/CrossOriginAccessControl.cpp.o
[716/929] Building CXX object Source/PurCFetcher/CMakeFiles/PurCFetcher.dir/auxiliary/NetworkProcessConnection.cpp.o
[717/929] Building CXX object Source/PurCFetcher/CMakeFiles/PurCFetcher.dir/auxiliary/MIMETypeRegistry.cpp.o
[718/929] Building CXX object Source/PurCFetcher/CMakeFiles/PurCFetcher.dir/__/__/DerivedSources/messages/WebResourceLoaderMessageReceiver.cpp.o
[719/929] Building CXX object Source/PurCFetcher/CMakeFiles/PurCFetcher.dir/auxiliary/RuntimeApplicationChecks.cpp.o
[720/929] Building CXX object Source/PurCFetcher/CMakeFiles/PurCFetcher.dir/auxiliary/ProcessIdentifier.cpp.o
[721/929] Building CXX object Source/PurCFetcher/CMakeFiles/PurCFetcher.dir/__/__/DerivedSources/messages/WebCookieManagerMessageReceiver.cpp.o
[722/929] Building CXX object Source/PurCFetcher/CMakeFiles/PurCFetcher.dir/auxiliary/ReferrerPolicy.cpp.o
[723/929] Building CXX object Source/PurCFetcher/CMakeFiles/PurCFetcher.dir/auxiliary/MessagePortChannelRegistry.cpp.o
[724/929] Building CXX object Source/PurCFetcher/CMakeFiles/PurCFetcher.dir/auxiliary/ShareableResource.cpp.o
[725/929] Building CXX object Source/PurCFetcher/CMakeFiles/PurCFetcher.dir/auxiliary/MessagePortChannel.cpp.o
[726/929] Building CXX object Source/PurCFetcher/CMakeFiles/PurCFetcher.dir/auxiliary/TextCodec.cpp.o
[727/929] Building CXX object Source/PurCFetcher/CMakeFiles/PurCFetcher.dir/auxiliary/AuthenticationManager.cpp.o
[728/929] Building CXX object Source/PurCFetcher/CMakeFiles/PurCFetcher.dir/auxiliary/SecurityOriginData.cpp.o
[729/929] Building CXX object Source/PurCFetcher/CMakeFiles/PurCFetcher.dir/__/__/DerivedSources/messages/CacheStorageEngineConnectionMessageReceiver.cpp.o
[730/929] Building CXX object Source/PurCFetcher/CMakeFiles/PurCFetcher.dir/auxiliary/TextEncoding.cpp.o
[731/929] Building CXX object Source/PurCFetcher/CMakeFiles/PurCFetcher.dir/auxiliary/SecurityOrigin.cpp.o
[732/929] Building CXX object Source/PurCFetcher/CMakeFiles/PurCFetcher.dir/auxiliary/TextCodecReplacement.cpp.o
[733/929] Building CXX object Source/PurCFetcher/CMakeFiles/PurCFetcher.dir/auxiliary/SharedBuffer.cpp.o
[734/929] Building CXX object Source/PurCFetcher/CMakeFiles/PurCFetcher.dir/auxiliary/SharedMemory.cpp.o
[735/929] Building CXX object Source/PurCFetcher/CMakeFiles/PurCFetcher.dir/auxiliary/TextCodecLatin1.cpp.o
[736/929] Building CXX object Source/PurCFetcher/CMakeFiles/PurCFetcher.dir/auxiliary/TextEncodingRegistry.cpp.o
[737/929] Building CXX object Source/PurCFetcher/CMakeFiles/PurCFetcher.dir/auxiliary/TextCodecUTF16.cpp.o
[738/929] Building CXX object Source/PurCFetcher/CMakeFiles/PurCFetcher.dir/auxiliary/TextCodecUTF8.cpp.o
[739/929] Building CXX object Source/PurCFetcher/CMakeFiles/PurCFetcher.dir/auxiliary/TextCodecUserDefined.cpp.o
[740/929] Building CXX object Source/PurCFetcher/CMakeFiles/PurCFetcher.dir/auxiliary/TextCodecICU.cpp.o
[741/929] Building CXX object Source/PurCFetcher/CMakeFiles/PurCFetcher.dir/auxiliary/SharedBufferGlib.cpp.o
[742/929] Building CXX object Source/PurCFetcher/CMakeFiles/PurCFetcher.dir/auxiliary/ThreadGlobalData.cpp.o
[743/929] Building CXX object Source/PurCFetcher/CMakeFiles/PurCFetcher.dir/auxiliary/NetworkProcessProxy.cpp.o
[744/929] Building CXX object Source/PurCFetcher/CMakeFiles/PurCFetcher.dir/auxiliary/UserActivity.cpp.o
[745/929] Building CXX object Source/PurCFetcher/CMakeFiles/PurCFetcher.dir/auxiliary/crypto/gcrypt/CryptoDigestGCrypt.cpp.o
[746/929] Building CXX object Source/PurCFetcher/CMakeFiles/PurCFetcher.dir/auxiliary/ThreadTimers.cpp.o
[747/929] Building CXX object Source/PurCFetcher/CMakeFiles/PurCFetcher.dir/auxiliary/soup/PublicSuffixSoup.cpp.o
[748/929] Building CXX object Source/PurCFetcher/CMakeFiles/PurCFetcher.dir/auxiliary/MIMETypeRegistryXdg.cpp.o
[749/929] Building CXX object Source/PurCFetcher/CMakeFiles/PurCFetcher.dir/auxiliary/Timer.cpp.o
[750/929] Building CXX object Source/PurCFetcher/CMakeFiles/PurCFetcher.dir/__/__/DerivedSources/messages/NetworkProcessProxyMessageReceiver.cpp.o
[751/929] Building CXX object Source/PurCFetcher/CMakeFiles/PurCFetcher.dir/auxiliary/WebErrors.cpp.o
[752/929] Building CXX object Source/PurCFetcher/CMakeFiles/PurCFetcher.dir/auxiliary/WebsiteDataStoreParameters.cpp.o
[753/929] Building CXX object Source/PurCFetcher/CMakeFiles/PurCFetcher.dir/auxiliary/soup/SharedBufferSoup.cpp.o
[754/929] Building CXX object Source/PurCFetcher/CMakeFiles/PurCFetcher.dir/database/SQLiteDatabaseTracker.cpp.o
[755/929] Building CXX object Source/PurCFetcher/CMakeFiles/PurCFetcher.dir/auxiliary/WebsiteData.cpp.o
[756/929] Building CXX object Source/PurCFetcher/CMakeFiles/PurCFetcher.dir/auxiliary/WebResourceLoader.cpp.o
[757/929] Building CXX object Source/PurCFetcher/CMakeFiles/PurCFetcher.dir/database/SQLiteDatabase.cpp.o
[758/929] Building CXX object Source/PurCFetcher/CMakeFiles/PurCFetcher.dir/auxiliary/unix/SharedMemoryUnix.cpp.o
[759/929] Building CXX object Source/PurCFetcher/CMakeFiles/PurCFetcher.dir/ipc/Encoder.cpp.o
[760/929] Building CXX object Source/PurCFetcher/CMakeFiles/PurCFetcher.dir/auxiliary/soup/WebErrorsSoup.cpp.o
[761/929] Building CXX object Source/PurCFetcher/CMakeFiles/PurCFetcher.dir/database/SQLiteAuthorizer.cpp.o
[762/929] Building CXX object Source/PurCFetcher/CMakeFiles/PurCFetcher.dir/database/DatabaseAuthorizer.cpp.o
[763/929] Building CXX object Source/PurCFetcher/CMakeFiles/PurCFetcher.dir/database/SQLiteFileSystem.cpp.o
[764/929] Building CXX object Source/PurCFetcher/CMakeFiles/PurCFetcher.dir/ipc/Attachment.cpp.o
[765/929] Building CXX object Source/PurCFetcher/CMakeFiles/PurCFetcher.dir/auxiliary/unix/AuxiliaryProcessMain.cpp.o
[766/929] Building CXX object Source/PurCFetcher/CMakeFiles/PurCFetcher.dir/database/SQLiteStatementAutoResetScope.cpp.o
[767/929] Building CXX object Source/PurCFetcher/CMakeFiles/PurCFetcher.dir/ipc/unix/AttachmentUnix.cpp.o
[768/929] Building CXX object Source/PurCFetcher/CMakeFiles/PurCFetcher.dir/ipc/DataReference.cpp.o
[769/929] Building CXX object Source/PurCFetcher/CMakeFiles/PurCFetcher.dir/database/SQLiteTransaction.cpp.o
[770/929] Building CXX object Source/PurCFetcher/CMakeFiles/PurCFetcher.dir/ipc/Decoder.cpp.o
[771/929] Building CXX object Source/PurCFetcher/CMakeFiles/PurCFetcher.dir/network/CacheModel.cpp.o
[772/929] Building CXX object Source/PurCFetcher/CMakeFiles/PurCFetcher.dir/ipc/ArgumentCoders.cpp.o
[773/929] Building CXX object Source/PurCFetcher/CMakeFiles/PurCFetcher.dir/ipc/StringReference.cpp.o
[774/929] Building CXX object Source/PurCFetcher/CMakeFiles/PurCFetcher.dir/database/SQLiteStatement.cpp.o
[775/929] Building CXX object Source/PurCFetcher/CMakeFiles/PurCFetcher.dir/ipc/MessageReceiverMap.cpp.o
[776/929] Building CXX object Source/PurCFetcher/CMakeFiles/PurCFetcher.dir/auxiliary/soup/WebCoreArgumentCodersSoup.cpp.o
[777/929] Building CXX object Source/PurCFetcher/CMakeFiles/PurCFetcher.dir/network/CachedResourceRequestInitiators.cpp.o
[778/929] Building CXX object Source/PurCFetcher/CMakeFiles/PurCFetcher.dir/ipc/MessageSender.cpp.o
[779/929] Building CXX object Source/PurCFetcher/CMakeFiles/PurCFetcher.dir/network/CredentialBase.cpp.o
[780/929] Building CXX object Source/PurCFetcher/CMakeFiles/PurCFetcher.dir/network/AuthenticationChallengeBase.cpp.o
[781/929] Building CXX object Source/PurCFetcher/CMakeFiles/PurCFetcher.dir/network/DeprecatedGlobalSettings.cpp.o
[782/929] Building CXX object Source/PurCFetcher/CMakeFiles/PurCFetcher.dir/network/CustomHeaderFields.cpp.o
[783/929] Building CXX object Source/PurCFetcher/CMakeFiles/PurCFetcher.dir/__/__/DerivedSources/messages/NetworkProcessMessageReceiver.cpp.o
[784/929] Building CXX object Source/PurCFetcher/CMakeFiles/PurCFetcher.dir/auxiliary/WebCoreArgumentCoders.cpp.o
[785/929] Building CXX object Source/PurCFetcher/CMakeFiles/PurCFetcher.dir/network/NetworkContentRuleListManager.cpp.o
[786/929] Building CXX object Source/PurCFetcher/CMakeFiles/PurCFetcher.dir/__/__/DerivedSources/messages/NetworkConnectionToWebProcessMessageReceiver.cpp.o
[787/929] Building CXX object Source/PurCFetcher/CMakeFiles/PurCFetcher.dir/network/NetworkActivityTracker.cpp.o
[788/929] Building CXX object Source/PurCFetcher/CMakeFiles/PurCFetcher.dir/network/HTTPHeaderField.cpp.o
[789/929] Building CXX object Source/PurCFetcher/CMakeFiles/PurCFetcher.dir/network/FormData.cpp.o
[790/929] Building CXX object Source/PurCFetcher/CMakeFiles/PurCFetcher.dir/network/FormDataBuilder.cpp.o
[791/929] Building CXX object Source/PurCFetcher/CMakeFiles/PurCFetcher.dir/network/CookieJar.cpp.o
[792/929] Building CXX object Source/PurCFetcher/CMakeFiles/PurCFetcher.dir/network/DNS.cpp.o
[793/929] Building CXX object Source/PurCFetcher/CMakeFiles/PurCFetcher.dir/ipc/unix/ConnectionUnix.cpp.o
[794/929] Building CXX object Source/PurCFetcher/CMakeFiles/PurCFetcher.dir/network/CredentialStorage.cpp.o
[795/929] Building CXX object Source/PurCFetcher/CMakeFiles/PurCFetcher.dir/network/DNSResolveQueue.cpp.o
[796/929] Building CXX object Source/PurCFetcher/CMakeFiles/PurCFetcher.dir/network/HTTPHeaderMap.cpp.o
[797/929] Building CXX object Source/PurCFetcher/CMakeFiles/PurCFetcher.dir/network/HTTPParsers.cpp.o
[798/929] Building CXX object Source/PurCFetcher/CMakeFiles/PurCFetcher.dir/network/NetworkStorageSession.cpp.o
[799/929] Building CXX object Source/PurCFetcher/CMakeFiles/PurCFetcher.dir/ipc/Connection.cpp.o
[800/929] Building CXX object Source/PurCFetcher/CMakeFiles/PurCFetcher.dir/network/CacheValidation.cpp.o
[801/929] Building CXX object Source/PurCFetcher/CMakeFiles/PurCFetcher.dir/network/NetworkHTTPSUpgradeChecker.cpp.o
[802/929] Building CXX object Source/PurCFetcher/CMakeFiles/PurCFetcher.dir/network/NetworkProcessPlatformStrategies.cpp.o
[803/929] Building CXX object Source/PurCFetcher/CMakeFiles/PurCFetcher.dir/network/PreconnectTask.cpp.o
[804/929] Building CXX object Source/PurCFetcher/CMakeFiles/PurCFetcher.dir/network/NetworkSchemeRegistry.cpp.o
[805/929] Building CXX object Source/PurCFetcher/CMakeFiles/PurCFetcher.dir/network/ParsedContentRange.cpp.o
[806/929] Building CXX object Source/PurCFetcher/CMakeFiles/PurCFetcher.dir/network/NetworkStateNotifier.cpp.o
[807/929] Building CXX object Source/PurCFetcher/CMakeFiles/PurCFetcher.dir/network/ParsedContentType.cpp.o
[808/929] Building CXX object Source/PurCFetcher/CMakeFiles/PurCFetcher.dir/network/NetworkProcessCreationParameters.cpp.o
[809/929] Building CXX object Source/PurCFetcher/CMakeFiles/PurCFetcher.dir/network/ProtectionSpaceBase.cpp.o
[810/929] Building CXX object Source/PurCFetcher/CMakeFiles/PurCFetcher.dir/network/NetworkSessionCreationParameters.cpp.o
[811/929] Building CXX object Source/PurCFetcher/CMakeFiles/PurCFetcher.dir/network/ResourceErrorBase.cpp.o
[812/929] Building CXX object Source/PurCFetcher/CMakeFiles/PurCFetcher.dir/network/NetworkDataTask.cpp.o
[813/929] Building CXX object Source/PurCFetcher/CMakeFiles/PurCFetcher.dir/network/SessionID.cpp.o
[814/929] Building CXX object Source/PurCFetcher/CMakeFiles/PurCFetcher.dir/network/NetworkResourceLoadMap.cpp.o
[815/929] Building CXX object Source/PurCFetcher/CMakeFiles/PurCFetcher.dir/network/ResourceResponseBase.cpp.o
[816/929] Building CXX object Source/PurCFetcher/CMakeFiles/PurCFetcher.dir/network/ResourceHandleClient.cpp.o
[817/929] Building CXX object Source/PurCFetcher/CMakeFiles/PurCFetcher.dir/network/NetworkResourceLoadParameters.cpp.o
[818/929] Building CXX object Source/PurCFetcher/CMakeFiles/PurCFetcher.dir/network/SameSiteInfo.cpp.o
[819/929] Building CXX object Source/PurCFetcher/CMakeFiles/PurCFetcher.dir/network/SecurityPolicy.cpp.o
[820/929] Building CXX object Source/PurCFetcher/CMakeFiles/PurCFetcher.dir/network/ResourceRequestBase.cpp.o
[821/929] Building CXX object Source/PurCFetcher/CMakeFiles/PurCFetcher.dir/network/UserContentURLPattern.cpp.o
[822/929] Building CXX object Source/PurCFetcher/CMakeFiles/PurCFetcher.dir/network/ResourceHandle.cpp.o
[823/929] Building CXX object Source/PurCFetcher/CMakeFiles/PurCFetcher.dir/network/SocketStreamHandle.cpp.o
[824/929] Building CXX object Source/PurCFetcher/CMakeFiles/PurCFetcher.dir/network/NetworkLoad.cpp.o
[825/929] Building CXX object Source/PurCFetcher/CMakeFiles/PurCFetcher.dir/network/NetworkCORSPreflightChecker.cpp.o
[826/929] Building CXX object Source/PurCFetcher/CMakeFiles/PurCFetcher.dir/network/Downloads/DownloadMap.cpp.o
[827/929] Building CXX object Source/PurCFetcher/CMakeFiles/PurCFetcher.dir/network/NetworkLoadChecker.cpp.o
[828/929] Building CXX object Source/PurCFetcher/CMakeFiles/PurCFetcher.dir/network/linux/ColumnIgnoreFilter.cpp.o
[829/929] Building CXX object Source/PurCFetcher/CMakeFiles/PurCFetcher.dir/network/NetworkSession.cpp.o
[830/929] Building CXX object Source/PurCFetcher/CMakeFiles/PurCFetcher.dir/network/Cookies/WebCookieManagerProxy.cpp.o
[831/929] Building CXX object Source/PurCFetcher/CMakeFiles/PurCFetcher.dir/network/WebStorage/LocalStorageDatabaseTracker.cpp.o
[832/929] Building CXX object Source/PurCFetcher/CMakeFiles/PurCFetcher.dir/network/WebStorage/StorageAreaMap.cpp.o
[833/929] Building CXX object Source/PurCFetcher/CMakeFiles/PurCFetcher.dir/network/WebStorage/LocalStorageDatabase.cpp.o
[834/929] Building CXX object Source/PurCFetcher/CMakeFiles/PurCFetcher.dir/network/PingLoad.cpp.o
[835/929] Building CXX object Source/PurCFetcher/CMakeFiles/PurCFetcher.dir/network/WebStorage/LocalStorageNamespace.cpp.o
[836/929] Building CXX object Source/PurCFetcher/CMakeFiles/PurCFetcher.dir/network/cache/AsyncRevalidation.cpp.o
[837/929] Building CXX object Source/PurCFetcher/CMakeFiles/PurCFetcher.dir/network/Cookies/WebCookieManager.cpp.o
[838/929] Building CXX object Source/PurCFetcher/CMakeFiles/PurCFetcher.dir/network/Downloads/DownloadMonitor.cpp.o
[839/929] Building CXX object Source/PurCFetcher/CMakeFiles/PurCFetcher.dir/network/WebStorage/SessionStorageNamespace.cpp.o
[840/929] Building CXX object Source/PurCFetcher/CMakeFiles/PurCFetcher.dir/network/NetworkConnectionToWebProcess.cpp.o
[841/929] Building CXX object Source/PurCFetcher/CMakeFiles/PurCFetcher.dir/network/WebStorage/StorageMap.cpp.o
[842/929] Building CXX object Source/PurCFetcher/CMakeFiles/PurCFetcher.dir/network/Cookies/soup/WebCookieManagerSoup.cpp.o
[843/929] Building CXX object Source/PurCFetcher/CMakeFiles/PurCFetcher.dir/network/Downloads/Download.cpp.o
[844/929] Building CXX object Source/PurCFetcher/CMakeFiles/PurCFetcher.dir/network/WebStorage/StorageArea.cpp.o
[845/929] Building CXX object Source/PurCFetcher/CMakeFiles/PurCFetcher.dir/network/NetworkResourceLoader.cpp.o
[846/929] Building CXX object Source/PurCFetcher/CMakeFiles/PurCFetcher.dir/network/Downloads/PendingDownload.cpp.o
[847/929] Building CXX object Source/PurCFetcher/CMakeFiles/PurCFetcher.dir/network/WebStorage/StorageQuotaManager.cpp.o
[848/929] Building CXX object Source/PurCFetcher/CMakeFiles/PurCFetcher.dir/network/WebStorage/StorageManager.cpp.o
[849/929] Building CXX object Source/PurCFetcher/CMakeFiles/PurCFetcher.dir/network/WebStorage/TransientLocalStorageNamespace.cpp.o
[850/929] Building CXX object Source/PurCFetcher/CMakeFiles/PurCFetcher.dir/network/cache/NetworkCacheBlobStorage.cpp.o
[851/929] Building CXX object Source/PurCFetcher/CMakeFiles/PurCFetcher.dir/network/Downloads/DownloadManager.cpp.o
[852/929] Building CXX object Source/PurCFetcher/CMakeFiles/PurCFetcher.dir/network/cache/NetworkCacheCoders.cpp.o
[853/929] Building CXX object Source/PurCFetcher/CMakeFiles/PurCFetcher.dir/network/cache/NetworkCacheSpeculativeLoad.cpp.o
[854/929] Building CXX object Source/PurCFetcher/CMakeFiles/PurCFetcher.dir/network/cache/NetworkCacheData.cpp.o
[855/929] Building CXX object Source/PurCFetcher/CMakeFiles/PurCFetcher.dir/network/cache/NetworkCacheSubresourcesEntry.cpp.o
[856/929] Building CXX object Source/PurCFetcher/CMakeFiles/PurCFetcher.dir/network/cache/NetworkCacheSpeculativeLoadManager.cpp.o
[857/929] Building CXX object Source/PurCFetcher/CMakeFiles/PurCFetcher.dir/network/cache/CacheStorageConnection.cpp.o
[858/929] Building CXX object Source/PurCFetcher/CMakeFiles/PurCFetcher.dir/network/cache/NetworkCacheFileSystem.cpp.o
[859/929] Building CXX object Source/PurCFetcher/CMakeFiles/PurCFetcher.dir/network/cache/NetworkCacheKey.cpp.o
[860/929] Building CXX object Source/PurCFetcher/CMakeFiles/PurCFetcher.dir/network/cache/NetworkCacheDataSoup.cpp.o
[861/929] Building CXX object Source/PurCFetcher/CMakeFiles/PurCFetcher.dir/network/cache/DOMCacheEngine.cpp.o
[862/929] Building CXX object Source/PurCFetcher/CMakeFiles/PurCFetcher.dir/network/glib/NetworkStateNotifierGLib.cpp.o
[863/929] Building CXX object Source/PurCFetcher/CMakeFiles/PurCFetcher.dir/network/glib/DNSCache.cpp.o
[864/929] Building CXX object Source/PurCFetcher/CMakeFiles/PurCFetcher.dir/network/glib/WebKitCachedResolver.cpp.o
[865/929] Building CXX object Source/PurCFetcher/CMakeFiles/PurCFetcher.dir/network/WebStorage/StorageManagerSet.cpp.o
[866/929] Building CXX object Source/PurCFetcher/CMakeFiles/PurCFetcher.dir/network/cache/NetworkCacheIOChannelSoup.cpp.o
[867/929] Building CXX object Source/PurCFetcher/CMakeFiles/PurCFetcher.dir/network/cache/PrefetchCache.cpp.o
[868/929] Building CXX object Source/PurCFetcher/CMakeFiles/PurCFetcher.dir/network/cache/CacheStorageEngineConnection.cpp.o
[869/929] Building CXX object Source/PurCFetcher/CMakeFiles/PurCFetcher.dir/network/linux/ColumnCharsFilter.cpp.o
[870/929] Building CXX object Source/PurCFetcher/CMakeFiles/PurCFetcher.dir/network/linux/ColumnCutFilter.cpp.o
[871/929] Building CXX object Source/PurCFetcher/CMakeFiles/PurCFetcher.dir/network/linux/CmdFilterManager.cpp.o
[872/929] Building CXX object Source/PurCFetcher/CMakeFiles/PurCFetcher.dir/network/cache/NetworkCacheEntry.cpp.o
[873/929] Building CXX object Source/PurCFetcher/CMakeFiles/PurCFetcher.dir/network/linux/ColumnDelimiterFilter.cpp.o
[874/929] Building CXX object Source/PurCFetcher/CMakeFiles/PurCFetcher.dir/network/NetworkProcess.cpp.o
[875/929] Building CXX object Source/PurCFetcher/CMakeFiles/PurCFetcher.dir/network/linux/ColumnHeadFilter.cpp.o
[876/929] Building CXX object Source/PurCFetcher/CMakeFiles/PurCFetcher.dir/network/linux/ColumnPickFilter.cpp.o
[877/929] Building CXX object Source/PurCFetcher/CMakeFiles/PurCFetcher.dir/network/linux/ColumnSentencesFilter.cpp.o
[878/929] Building CXX object Source/PurCFetcher/CMakeFiles/PurCFetcher.dir/network/linux/ColumnWordsFilter.cpp.o
[879/929] Building CXX object Source/PurCFetcher/CMakeFiles/PurCFetcher.dir/network/linux/ColumnLettersFilter.cpp.o
[880/929] Building CXX object Source/PurCFetcher/CMakeFiles/PurCFetcher.dir/network/soup/GRefPtrSoup.cpp.o
[881/929] Building CXX object Source/PurCFetcher/CMakeFiles/PurCFetcher.dir/network/cache/NetworkCache.cpp.o
[882/929] Building CXX object Source/PurCFetcher/CMakeFiles/PurCFetcher.dir/network/cache/CacheStorageEngineCaches.cpp.o
[883/929] Building CXX object Source/PurCFetcher/CMakeFiles/PurCFetcher.dir/network/linux/FilterBase.cpp.o
[884/929] Building CXX object Source/PurCFetcher/CMakeFiles/PurCFetcher.dir/network/cache/CacheStorageEngineCache.cpp.o
[885/929] Building CXX object Source/PurCFetcher/CMakeFiles/PurCFetcher.dir/network/linux/ColumnTailFilter.cpp.o
[886/929] Building CXX object Source/PurCFetcher/CMakeFiles/PurCFetcher.dir/network/linux/LineCutFilter.cpp.o
[887/929] Building CXX object Source/PurCFetcher/CMakeFiles/PurCFetcher.dir/network/linux/FormatArray.cpp.o
[888/929] Building CXX object Source/PurCFetcher/CMakeFiles/PurCFetcher.dir/network/linux/LineCharsFilter.cpp.o
[889/929] Building CXX object Source/PurCFetcher/CMakeFiles/PurCFetcher.dir/network/linux/LineHeadFilter.cpp.o
[890/929] Building CXX object Source/PurCFetcher/CMakeFiles/PurCFetcher.dir/network/linux/FormatKeys.cpp.o
[891/929] Building CXX object Source/PurCFetcher/CMakeFiles/PurCFetcher.dir/network/soup/CookieStorageSoup.cpp.o
[892/929] Building CXX object Source/PurCFetcher/CMakeFiles/PurCFetcher.dir/network/linux/LineIgnoreFilter.cpp.o
[893/929] Building CXX object Source/PurCFetcher/CMakeFiles/PurCFetcher.dir/network/cache/NetworkCacheStorage.cpp.o
[894/929] Building CXX object Source/PurCFetcher/CMakeFiles/PurCFetcher.dir/network/linux/LinePickFilter.cpp.o
[895/929] Building CXX object Source/PurCFetcher/CMakeFiles/PurCFetcher.dir/network/linux/LineLettersFilter.cpp.o
[896/929] Building CXX object Source/PurCFetcher/CMakeFiles/PurCFetcher.dir/network/soup/CredentialStorageSoup.cpp.o
[897/929] Building CXX object Source/PurCFetcher/CMakeFiles/PurCFetcher.dir/network/linux/LineSentencesFilter.cpp.o
[898/929] Building CXX object Source/PurCFetcher/CMakeFiles/PurCFetcher.dir/network/linux/LineSplitFilter.cpp.o
[899/929] Building CXX object Source/PurCFetcher/CMakeFiles/PurCFetcher.dir/network/linux/LineTailFilter.cpp.o
[900/929] Building CXX object Source/PurCFetcher/CMakeFiles/PurCFetcher.dir/network/soup/AuthenticationChallengeSoup.cpp.o
[901/929] Building CXX object Source/PurCFetcher/CMakeFiles/PurCFetcher.dir/network/soup/CookieSoup.cpp.o
[902/929] Building CXX object Source/PurCFetcher/CMakeFiles/PurCFetcher.dir/network/soup/CertificateInfoSoup.cpp.o
[903/929] Building CXX object Source/PurCFetcher/CMakeFiles/PurCFetcher.dir/network/linux/LineWordsFilter.cpp.o
[904/929] Linking CXX static library Source/capi/libfetcher_capi.a
[905/929] Building CXX object Source/PurCFetcher/CMakeFiles/PurCFetcher.dir/network/soup/ResourceErrorSoup.cpp.o
[906/929] Building CXX object Source/PurCFetcher/CMakeFiles/PurCFetcher.dir/network/soup/DNSResolveQueueSoup.cpp.o
[907/929] Building CXX object Source/PurCFetcher/CMakeFiles/PurCFetcher.dir/network/soup/URLSoup.cpp.o
[908/929] Building CXX object Source/PurCFetcher/CMakeFiles/PurCFetcher.dir/network/soup/NetworkStorageSessionSoup.cpp.o
[909/929] Building CXX object Source/PurCFetcher/CMakeFiles/PurCFetcher.dir/network/soup/ResourceResponseSoup.cpp.o
[910/929] Building CXX object Source/samples/control/CMakeFiles/async_req.dir/async_req.cpp.o
[911/929] Building CXX object Source/PurCFetcher/CMakeFiles/PurCFetcher.dir/network/soup/ResourceRequestSoup.cpp.o
[912/929] Building CXX object Source/PurCFetcher/CMakeFiles/PurCFetcher.dir/network/cache/CacheStorageEngine.cpp.o
[913/929] Building CXX object Source/PurCFetcher/CMakeFiles/PurCFetcher.dir/network/soup/ResourceHandleSoup.cpp.o
[914/929] Linking CXX executable Source/samples/control/async_req
[915/929] Building CXX object Source/PurCFetcher/CMakeFiles/PurCFetcher.dir/network/soup/SoupNetworkSession.cpp.o
[916/929] Building CXX object Source/PurCFetcher/CMakeFiles/PurCFetcher.dir/network/soup/NetworkProcessMainSoup.cpp.o
[917/929] Building CXX object Source/samples/control/CMakeFiles/sync_req.dir/sync_req.cpp.o
[918/929] Linking CXX executable Source/samples/control/sync_req
[919/929] Building CXX object Source/PurCFetcher/CMakeFiles/PurCFetcher.dir/network/soup/RemoteNetworkingContextSoup.cpp.o
[920/929] Building CXX object Source/PurCFetcher/CMakeFiles/PurCFetcher.dir/network/soup/NetworkSessionSoup.cpp.o
[921/929] Building CXX object Source/PurCFetcher/CMakeFiles/PurCFetcher.dir/network/linux/NetworkDataTaskLcmd.cpp.o
[922/929] Building CXX object Source/PurCFetcher/CMakeFiles/PurCFetcher.dir/network/linux/NetworkDataTaskLsql.cpp.o
[923/929] Building CXX object Source/PurCFetcher/CMakeFiles/PurCFetcher.dir/network/soup/NetworkProcessSoup.cpp.o
[924/929] Building CXX object Source/PurCFetcher/CMakeFiles/PurCFetcher.dir/network/soup/NetworkDataTaskSoup.cpp.o
[925/929] Building CXX object Source/PurCFetcher/CMakeFiles/PurCFetcher.dir/network/linux/NetworkDataTaskRsql.cpp.o
[926/929] Linking CXX shared library Source/PurCFetcher/libpurc_fetcher.so.1.0.0
[927/929] Creating library symlink Source/PurCFetcher/libpurc_fetcher.so.1 Source/PurCFetcher/libpurc_fetcher.so
[928/929] Building CXX object Source/samples/fetcher/CMakeFiles/fetcher.dir/fetcher.cpp.o
[929/929] Linking CXX executable Source/samples/fetcher/fetcher
